<?xml version="1.0" encoding="UTF-8"?>
<robot generator="Robot 7.1 (Python 3.12.0 on win32)" generated="2025-02-20T09:16:30.006043" rpa="true" schemaversion="5">
<suite id="s1" name="Project" source="c:\Kouluhommat\Liiketoimintaprosessien automatisointi\Ohjelmistorobotiikka\Ohjelmistorobotiikka\project.robot">
<test id="s1-t1" name="Read CSV files to lists and add data to database" line="85">
<kw name="Make Connection">
<kw name="Connect To Database" owner="DatabaseLibrary">
<msg time="2025-02-20T09:16:30.171173" level="INFO">Connecting using : pymysql.connect(db=rpa_kurssi, user=Robotuser, passwd=***, host=localhost, port=3306, charset=None)</msg>
<arg>pymysql</arg>
<arg>${DBtoConnect}</arg>
<arg>${dbuser}</arg>
<arg>${dbpass}</arg>
<arg>${dbhost}</arg>
<arg>${dbport}</arg>
<doc>Loads the DB API 2.0 module given ``dbapiModuleName`` then uses it to
connect to the database using provided parameters such as ``dbName``, ``dbUsername``, and ``dbPassword``.</doc>
<status status="PASS" start="2025-02-20T09:16:30.062076" elapsed="0.118094"/>
</kw>
<arg>${dbname}</arg>
<status status="PASS" start="2025-02-20T09:16:30.061076" elapsed="0.119094"/>
</kw>
<kw name="Get File" owner="OperatingSystem">
<msg time="2025-02-20T09:16:30.181170" level="INFO" html="true">Getting file '&lt;a href="file://C:\Kouluhommat\Liiketoimintaprosessien automatisointi\Ohjelmistorobotiikka\Ohjelmistorobotiikka\ResultFiles\InvoiceHeaderData.csv"&gt;C:\Kouluhommat\Liiketoimintaprosessien automatisointi\Ohjelmistorobotiikka\Ohjelmistorobotiikka\ResultFiles\InvoiceHeaderData.csv&lt;/a&gt;'.</msg>
<msg time="2025-02-20T09:16:30.191188" level="INFO">${outputHeader} = ﻿InvoiceNumber;CompanyName;CompanyCode;ReferenceNumber;InvoiceDate;DueDate;BankAccountNumber;AmountExclVAT;VAT;TotalAmount
143143;Service Provider Oy;1234567-8;1431432;15.12.2022;07.04.2021;FI12 3456 ...</msg>
<var>${outputHeader}</var>
<arg>${path_Jani}ResultFiles\\InvoiceHeaderData.csv</arg>
<doc>Returns the contents of a specified file.</doc>
<status status="PASS" start="2025-02-20T09:16:30.181170" elapsed="0.010018"/>
</kw>
<kw name="Get File" owner="OperatingSystem">
<msg time="2025-02-20T09:16:30.191188" level="INFO" html="true">Getting file '&lt;a href="file://C:\Kouluhommat\Liiketoimintaprosessien automatisointi\Ohjelmistorobotiikka\Ohjelmistorobotiikka\ResultFiles\InvoiceRowData.csv"&gt;C:\Kouluhommat\Liiketoimintaprosessien automatisointi\Ohjelmistorobotiikka\Ohjelmistorobotiikka\ResultFiles\InvoiceRowData.csv&lt;/a&gt;'.</msg>
<msg time="2025-02-20T09:16:30.201170" level="INFO">${outputRows} = ﻿InvoiceNumber;RowNumber;Description;Quantity;Unit;UnitPrice;VATPercent;VAT;Total
143143;1;Installation Services;5;h;60;24;72;372
143143;2;Replacement Products;10;kpl;105;24;252;1302
1543235;1;Keyboar...</msg>
<var>${outputRows}</var>
<arg>${path_Jani}ResultFiles\\InvoiceRowData.csv</arg>
<doc>Returns the contents of a specified file.</doc>
<status status="PASS" start="2025-02-20T09:16:30.191188" elapsed="0.009982"/>
</kw>
<kw name="Log" owner="BuiltIn">
<msg time="2025-02-20T09:16:30.202298" level="INFO">﻿InvoiceNumber;CompanyName;CompanyCode;ReferenceNumber;InvoiceDate;DueDate;BankAccountNumber;AmountExclVAT;VAT;TotalAmount
143143;Service Provider Oy;1234567-8;1431432;15.12.2022;07.04.2021;FI12 3456 7890 1234 56;1350;324;1674
1543235;Component Oy;1234567-9;15432359;01.10.2022;15.10.2022;FI05 1234 5600 7891 01;465;111.6;576.6
153143;Service Provider Oy;1234567-8;1531439;15.12.2022;01.04.2021;FI12 3456 7890 1234 56;2700;648;3348
</msg>
<arg>${outputHeader}</arg>
<doc>Logs the given message with the given level.</doc>
<status status="PASS" start="2025-02-20T09:16:30.202298" elapsed="0.000000"/>
</kw>
<kw name="Log" owner="BuiltIn">
<msg time="2025-02-20T09:16:30.203169" level="INFO">﻿InvoiceNumber;RowNumber;Description;Quantity;Unit;UnitPrice;VATPercent;VAT;Total
143143;1;Installation Services;5;h;60;24;72;372
143143;2;Replacement Products;10;kpl;105;24;252;1302
1543235;1;Keyboard Logitech;10;kpl;40;24;96;496
1543235;2;Brother printer;1;kpl;65;24;15.6;80.6
153143;1;Installation Services;5;h;60;24;72;372
153143;2;Replacement Products;10;kpl;105;24;252;1302
153143;3;Cleaning Services;5;h;60;24;72;372
153143;4;Cleaning Wipes;10;kpl;105;24;252;1302
</msg>
<arg>${outputRows}</arg>
<doc>Logs the given message with the given level.</doc>
<status status="PASS" start="2025-02-20T09:16:30.203169" elapsed="0.000000"/>
</kw>
<kw name="Split String" owner="String">
<msg time="2025-02-20T09:16:30.204170" level="INFO">@{headers} = [ ﻿InvoiceNumber;CompanyName;CompanyCode;ReferenceNumber;InvoiceDate;DueDate;BankAccountNumber;AmountExclVAT;VAT;TotalAmount | 143143;Service Provider Oy;1234567-8;1431432;15.12.2022;07.04.2021;FI12 3...</msg>
<var>@{headers}</var>
<arg>${outputHeader}</arg>
<arg>\n</arg>
<doc>Splits the ``string`` using ``separator`` as a delimiter string.</doc>
<status status="PASS" start="2025-02-20T09:16:30.203169" elapsed="0.001001"/>
</kw>
<kw name="Split String" owner="String">
<msg time="2025-02-20T09:16:30.205170" level="INFO">@{rows} = [ ﻿InvoiceNumber;RowNumber;Description;Quantity;Unit;UnitPrice;VATPercent;VAT;Total | 143143;1;Installation Services;5;h;60;24;72;372 | 143143;2;Replacement Products;10;kpl;105;24;252;1302 | 1543235;1...</msg>
<var>@{rows}</var>
<arg>${outputRows}</arg>
<arg>\n</arg>
<doc>Splits the ``string`` using ``separator`` as a delimiter string.</doc>
<status status="PASS" start="2025-02-20T09:16:30.204170" elapsed="0.001000"/>
</kw>
<kw name="Get Length" owner="BuiltIn">
<msg time="2025-02-20T09:16:30.206171" level="INFO">Length is 5.</msg>
<msg time="2025-02-20T09:16:30.206171" level="INFO">${length} = 5</msg>
<var>${length}</var>
<arg>${headers}</arg>
<doc>Returns and logs the length of the given item as an integer.</doc>
<status status="PASS" start="2025-02-20T09:16:30.205170" elapsed="0.001001"/>
</kw>
<kw name="Evaluate" owner="BuiltIn">
<msg time="2025-02-20T09:16:30.207169" level="INFO">${length} = 4</msg>
<var>${length}</var>
<arg>${length}-1</arg>
<doc>Evaluates the given expression in Python and returns the result.</doc>
<status status="PASS" start="2025-02-20T09:16:30.206171" elapsed="0.000998"/>
</kw>
<kw name="Convert To Integer" owner="BuiltIn">
<msg time="2025-02-20T09:16:30.208169" level="INFO">${index} = 0</msg>
<var>${index}</var>
<arg>0</arg>
<doc>Converts the given item to an integer number.</doc>
<status status="PASS" start="2025-02-20T09:16:30.207169" elapsed="0.001000"/>
</kw>
<kw name="Remove From List" owner="Collections">
<arg>${headers}</arg>
<arg>${length}</arg>
<doc>Removes and returns the value specified with an ``index`` from ``list``.</doc>
<status status="PASS" start="2025-02-20T09:16:30.208169" elapsed="0.000000"/>
</kw>
<kw name="Remove From List" owner="Collections">
<arg>${headers}</arg>
<arg>${index}</arg>
<doc>Removes and returns the value specified with an ``index`` from ``list``.</doc>
<status status="PASS" start="2025-02-20T09:16:30.209168" elapsed="0.000000"/>
</kw>
<kw name="Get Length" owner="BuiltIn">
<msg time="2025-02-20T09:16:30.209168" level="INFO">Length is 10.</msg>
<msg time="2025-02-20T09:16:30.209168" level="INFO">${length} = 10</msg>
<var>${length}</var>
<arg>${rows}</arg>
<doc>Returns and logs the length of the given item as an integer.</doc>
<status status="PASS" start="2025-02-20T09:16:30.209168" elapsed="0.000000"/>
</kw>
<kw name="Evaluate" owner="BuiltIn">
<msg time="2025-02-20T09:16:30.210170" level="INFO">${length} = 9</msg>
<var>${length}</var>
<arg>${length}-1</arg>
<doc>Evaluates the given expression in Python and returns the result.</doc>
<status status="PASS" start="2025-02-20T09:16:30.210170" elapsed="0.000000"/>
</kw>
<kw name="Convert To Integer" owner="BuiltIn">
<msg time="2025-02-20T09:16:30.210170" level="INFO">${index} = 0</msg>
<var>${index}</var>
<arg>0</arg>
<doc>Converts the given item to an integer number.</doc>
<status status="PASS" start="2025-02-20T09:16:30.210170" elapsed="0.000000"/>
</kw>
<kw name="Remove From List" owner="Collections">
<arg>${rows}</arg>
<arg>${length}</arg>
<doc>Removes and returns the value specified with an ``index`` from ``list``.</doc>
<status status="PASS" start="2025-02-20T09:16:30.211169" elapsed="0.000000"/>
</kw>
<kw name="Remove From List" owner="Collections">
<arg>${rows}</arg>
<arg>${index}</arg>
<doc>Removes and returns the value specified with an ``index`` from ``list``.</doc>
<status status="PASS" start="2025-02-20T09:16:30.211169" elapsed="0.001000"/>
</kw>
<kw name="Log" owner="BuiltIn">
<msg time="2025-02-20T09:16:30.213168" level="INFO">['143143;Service Provider Oy;1234567-8;1431432;15.12.2022;07.04.2021;FI12 3456 7890 1234 56;1350;324;1674', '1543235;Component Oy;1234567-9;15432359;01.10.2022;15.10.2022;FI05 1234 5600 7891 01;465;111.6;576.6', '153143;Service Provider Oy;1234567-8;1531439;15.12.2022;01.04.2021;FI12 3456 7890 1234 56;2700;648;3348']</msg>
<arg>${headers}</arg>
<doc>Logs the given message with the given level.</doc>
<status status="PASS" start="2025-02-20T09:16:30.212169" elapsed="0.000999"/>
</kw>
<kw name="Log" owner="BuiltIn">
<msg time="2025-02-20T09:16:30.213168" level="INFO">['143143;1;Installation Services;5;h;60;24;72;372', '143143;2;Replacement Products;10;kpl;105;24;252;1302', '1543235;1;Keyboard Logitech;10;kpl;40;24;96;496', '1543235;2;Brother printer;1;kpl;65;24;15.6;80.6', '153143;1;Installation Services;5;h;60;24;72;372', '153143;2;Replacement Products;10;kpl;105;24;252;1302', '153143;3;Cleaning Services;5;h;60;24;72;372', '153143;4;Cleaning Wipes;10;kpl;105;24;252;1302']</msg>
<arg>${rows}</arg>
<doc>Logs the given message with the given level.</doc>
<status status="PASS" start="2025-02-20T09:16:30.213168" elapsed="0.001001"/>
</kw>
<for flavor="IN">
<iter>
<kw name="Log" owner="BuiltIn">
<msg time="2025-02-20T09:16:30.215172" level="INFO">143143;Service Provider Oy;1234567-8;1431432;15.12.2022;07.04.2021;FI12 3456 7890 1234 56;1350;324;1674</msg>
<arg>${headerElement}</arg>
<doc>Logs the given message with the given level.</doc>
<status status="PASS" start="2025-02-20T09:16:30.215172" elapsed="0.000000"/>
</kw>
<kw name="Split String" owner="String">
<msg time="2025-02-20T09:16:30.216169" level="INFO">@{headerItems} = [ 143143 | Service Provider Oy | 1234567-8 | 1431432 | 15.12.2022 | 07.04.2021 | FI12 3456 7890 1234 56 | 1350 | 324 | 1674 ]</msg>
<var>@{headerItems}</var>
<arg>${headerElement}</arg>
<arg>;</arg>
<doc>Splits the ``string`` using ``separator`` as a delimiter string.</doc>
<status status="PASS" start="2025-02-20T09:16:30.215172" elapsed="0.000997"/>
</kw>
<kw name="Add invoice header to database">
<kw name="Make Connection">
<kw name="Connect To Database" owner="DatabaseLibrary">
<msg time="2025-02-20T09:16:30.217168" level="INFO">Connecting using : pymysql.connect(db=rpa_kurssi, user=Robotuser, passwd=***, host=localhost, port=3306, charset=None)</msg>
<msg time="2025-02-20T09:16:30.220172" level="WARN">Overwriting not closed connection.</msg>
<arg>pymysql</arg>
<arg>${DBtoConnect}</arg>
<arg>${dbuser}</arg>
<arg>${dbpass}</arg>
<arg>${dbhost}</arg>
<arg>${dbport}</arg>
<doc>Loads the DB API 2.0 module given ``dbapiModuleName`` then uses it to
connect to the database using provided parameters such as ``dbName``, ``dbUsername``, and ``dbPassword``.</doc>
<status status="PASS" start="2025-02-20T09:16:30.217168" elapsed="0.004003"/>
</kw>
<arg>${dbname}</arg>
<status status="PASS" start="2025-02-20T09:16:30.217168" elapsed="0.004003"/>
</kw>
<kw name="Convert Date" owner="DateTime">
<msg time="2025-02-20T09:16:30.226175" level="INFO">${InvoiceDate} = 2022-12-15</msg>
<var>${InvoiceDate}</var>
<arg>${items}[4]</arg>
<arg>date_format=%d.%m.%Y</arg>
<arg>result_format=%Y-%m-%d</arg>
<doc>Converts between supported `date formats`.</doc>
<status status="PASS" start="2025-02-20T09:16:30.222174" elapsed="0.004001"/>
</kw>
<kw name="Convert Date" owner="DateTime">
<msg time="2025-02-20T09:16:30.227174" level="INFO">${dueDate} = 2021-04-07</msg>
<var>${dueDate}</var>
<arg>${items}[5]</arg>
<arg>date_format=%d.%m.%Y</arg>
<arg>result_format=%Y-%m-%d</arg>
<doc>Converts between supported `date formats`.</doc>
<status status="PASS" start="2025-02-20T09:16:30.226175" elapsed="0.000999"/>
</kw>
<kw name="Set Variable" owner="BuiltIn">
<msg time="2025-02-20T09:16:30.228170" level="INFO">${insertStatement} = insert into invoiceheader (InvoiceNumber, CompanyName, CompanyCode, ReferenceNumber, InvoiceDate, DueDate, BankAccountNumber, AmountExclVAT, VAT, TotalAmount, Invoicestatus_ID, Comments) values ('1431...</msg>
<var>${insertStatement}</var>
<arg>insert into invoiceheader (InvoiceNumber, CompanyName, CompanyCode, ReferenceNumber, InvoiceDate, DueDate, BankAccountNumber, AmountExclVAT, VAT, TotalAmount, Invoicestatus_ID, Comments) values ('${items}[0]', '${items}[1]', '${items}[2]', '${items}[3]', '${InvoiceDate}', '${dueDate}', '${items}[6]', ${items}[7], ${items}[8], ${items}[9], -1, 'Processing');</arg>
<doc>Returns the given values which can then be assigned to a variables.</doc>
<status status="PASS" start="2025-02-20T09:16:30.227174" elapsed="0.000996"/>
</kw>
<kw name="Log" owner="BuiltIn">
<msg time="2025-02-20T09:16:30.229172" level="INFO">insert into invoiceheader (InvoiceNumber, CompanyName, CompanyCode, ReferenceNumber, InvoiceDate, DueDate, BankAccountNumber, AmountExclVAT, VAT, TotalAmount, Invoicestatus_ID, Comments) values ('143143', 'Service Provider Oy', '1234567-8', '1431432', '2022-12-15', '2021-04-07', 'FI12 3456 7890 1234 56', 1350, 324, 1674, -1, 'Processing');</msg>
<arg>${insertStatement}</arg>
<doc>Logs the given message with the given level.</doc>
<status status="PASS" start="2025-02-20T09:16:30.229172" elapsed="0.000000"/>
</kw>
<kw name="Execute Sql String" owner="DatabaseLibrary">
<msg time="2025-02-20T09:16:30.230172" level="INFO">Executing : Execute SQL String  |  insert into invoiceheader (InvoiceNumber, CompanyName, CompanyCode, ReferenceNumber, InvoiceDate, DueDate, BankAccountNumber, AmountExclVAT, VAT, TotalAmount, Invoicestatus_ID, Comments) values ('143143', 'Service Provider Oy', '1234567-8', '1431432', '2022-12-15', '2021-04-07', 'FI12 3456 7890 1234 56', 1350, 324, 1674, -1, 'Processing');</msg>
<arg>${insertStatement}</arg>
<doc>Executes the ``sqlString`` as a single SQL command.</doc>
<status status="PASS" start="2025-02-20T09:16:30.229172" elapsed="0.004998"/>
</kw>
<kw name="Disconnect From Database" owner="DatabaseLibrary">
<msg time="2025-02-20T09:16:30.234170" level="INFO">Executing : Disconnect From Database</msg>
<doc>Disconnects from the database.</doc>
<status status="PASS" start="2025-02-20T09:16:30.234170" elapsed="0.001001"/>
</kw>
<arg>${headerItems}</arg>
<status status="PASS" start="2025-02-20T09:16:30.216169" elapsed="0.019002"/>
</kw>
<var name="${headerElement}">143143;Service Provider Oy;1234567-8;1431432;15.12.2022;07.04.2021;FI12 3456 7890 1234 56;1350;324;1674</var>
<status status="PASS" start="2025-02-20T09:16:30.214169" elapsed="0.021002"/>
</iter>
<iter>
<kw name="Log" owner="BuiltIn">
<msg time="2025-02-20T09:16:30.236170" level="INFO">1543235;Component Oy;1234567-9;15432359;01.10.2022;15.10.2022;FI05 1234 5600 7891 01;465;111.6;576.6</msg>
<arg>${headerElement}</arg>
<doc>Logs the given message with the given level.</doc>
<status status="PASS" start="2025-02-20T09:16:30.235171" elapsed="0.000999"/>
</kw>
<kw name="Split String" owner="String">
<msg time="2025-02-20T09:16:30.236170" level="INFO">@{headerItems} = [ 1543235 | Component Oy | 1234567-9 | 15432359 | 01.10.2022 | 15.10.2022 | FI05 1234 5600 7891 01 | 465 | 111.6 | 576.6 ]</msg>
<var>@{headerItems}</var>
<arg>${headerElement}</arg>
<arg>;</arg>
<doc>Splits the ``string`` using ``separator`` as a delimiter string.</doc>
<status status="PASS" start="2025-02-20T09:16:30.236170" elapsed="0.001000"/>
</kw>
<kw name="Add invoice header to database">
<kw name="Make Connection">
<kw name="Connect To Database" owner="DatabaseLibrary">
<msg time="2025-02-20T09:16:30.238170" level="INFO">Connecting using : pymysql.connect(db=rpa_kurssi, user=Robotuser, passwd=***, host=localhost, port=3306, charset=None)</msg>
<arg>pymysql</arg>
<arg>${DBtoConnect}</arg>
<arg>${dbuser}</arg>
<arg>${dbpass}</arg>
<arg>${dbhost}</arg>
<arg>${dbport}</arg>
<doc>Loads the DB API 2.0 module given ``dbapiModuleName`` then uses it to
connect to the database using provided parameters such as ``dbName``, ``dbUsername``, and ``dbPassword``.</doc>
<status status="PASS" start="2025-02-20T09:16:30.237170" elapsed="0.003996"/>
</kw>
<arg>${dbname}</arg>
<status status="PASS" start="2025-02-20T09:16:30.237170" elapsed="0.005000"/>
</kw>
<kw name="Convert Date" owner="DateTime">
<msg time="2025-02-20T09:16:30.242170" level="INFO">${InvoiceDate} = 2022-10-01</msg>
<var>${InvoiceDate}</var>
<arg>${items}[4]</arg>
<arg>date_format=%d.%m.%Y</arg>
<arg>result_format=%Y-%m-%d</arg>
<doc>Converts between supported `date formats`.</doc>
<status status="PASS" start="2025-02-20T09:16:30.242170" elapsed="0.000000"/>
</kw>
<kw name="Convert Date" owner="DateTime">
<msg time="2025-02-20T09:16:30.243168" level="INFO">${dueDate} = 2022-10-15</msg>
<var>${dueDate}</var>
<arg>${items}[5]</arg>
<arg>date_format=%d.%m.%Y</arg>
<arg>result_format=%Y-%m-%d</arg>
<doc>Converts between supported `date formats`.</doc>
<status status="PASS" start="2025-02-20T09:16:30.243168" elapsed="0.000000"/>
</kw>
<kw name="Set Variable" owner="BuiltIn">
<msg time="2025-02-20T09:16:30.243168" level="INFO">${insertStatement} = insert into invoiceheader (InvoiceNumber, CompanyName, CompanyCode, ReferenceNumber, InvoiceDate, DueDate, BankAccountNumber, AmountExclVAT, VAT, TotalAmount, Invoicestatus_ID, Comments) values ('1543...</msg>
<var>${insertStatement}</var>
<arg>insert into invoiceheader (InvoiceNumber, CompanyName, CompanyCode, ReferenceNumber, InvoiceDate, DueDate, BankAccountNumber, AmountExclVAT, VAT, TotalAmount, Invoicestatus_ID, Comments) values ('${items}[0]', '${items}[1]', '${items}[2]', '${items}[3]', '${InvoiceDate}', '${dueDate}', '${items}[6]', ${items}[7], ${items}[8], ${items}[9], -1, 'Processing');</arg>
<doc>Returns the given values which can then be assigned to a variables.</doc>
<status status="PASS" start="2025-02-20T09:16:30.243168" elapsed="0.000000"/>
</kw>
<kw name="Log" owner="BuiltIn">
<msg time="2025-02-20T09:16:30.244168" level="INFO">insert into invoiceheader (InvoiceNumber, CompanyName, CompanyCode, ReferenceNumber, InvoiceDate, DueDate, BankAccountNumber, AmountExclVAT, VAT, TotalAmount, Invoicestatus_ID, Comments) values ('1543235', 'Component Oy', '1234567-9', '15432359', '2022-10-01', '2022-10-15', 'FI05 1234 5600 7891 01', 465, 111.6, 576.6, -1, 'Processing');</msg>
<arg>${insertStatement}</arg>
<doc>Logs the given message with the given level.</doc>
<status status="PASS" start="2025-02-20T09:16:30.243168" elapsed="0.001000"/>
</kw>
<kw name="Execute Sql String" owner="DatabaseLibrary">
<msg time="2025-02-20T09:16:30.244168" level="INFO">Executing : Execute SQL String  |  insert into invoiceheader (InvoiceNumber, CompanyName, CompanyCode, ReferenceNumber, InvoiceDate, DueDate, BankAccountNumber, AmountExclVAT, VAT, TotalAmount, Invoicestatus_ID, Comments) values ('1543235', 'Component Oy', '1234567-9', '15432359', '2022-10-01', '2022-10-15', 'FI05 1234 5600 7891 01', 465, 111.6, 576.6, -1, 'Processing');</msg>
<arg>${insertStatement}</arg>
<doc>Executes the ``sqlString`` as a single SQL command.</doc>
<status status="PASS" start="2025-02-20T09:16:30.244168" elapsed="0.003006"/>
</kw>
<kw name="Disconnect From Database" owner="DatabaseLibrary">
<msg time="2025-02-20T09:16:30.247174" level="INFO">Executing : Disconnect From Database</msg>
<doc>Disconnects from the database.</doc>
<status status="PASS" start="2025-02-20T09:16:30.247174" elapsed="0.001004"/>
</kw>
<arg>${headerItems}</arg>
<status status="PASS" start="2025-02-20T09:16:30.237170" elapsed="0.011008"/>
</kw>
<var name="${headerElement}">1543235;Component Oy;1234567-9;15432359;01.10.2022;15.10.2022;FI05 1234 5600 7891 01;465;111.6;576.6</var>
<status status="PASS" start="2025-02-20T09:16:30.235171" elapsed="0.013007"/>
</iter>
<iter>
<kw name="Log" owner="BuiltIn">
<msg time="2025-02-20T09:16:30.249174" level="INFO">153143;Service Provider Oy;1234567-8;1531439;15.12.2022;01.04.2021;FI12 3456 7890 1234 56;2700;648;3348</msg>
<arg>${headerElement}</arg>
<doc>Logs the given message with the given level.</doc>
<status status="PASS" start="2025-02-20T09:16:30.249174" elapsed="0.000000"/>
</kw>
<kw name="Split String" owner="String">
<msg time="2025-02-20T09:16:30.249174" level="INFO">@{headerItems} = [ 153143 | Service Provider Oy | 1234567-8 | 1531439 | 15.12.2022 | 01.04.2021 | FI12 3456 7890 1234 56 | 2700 | 648 | 3348 ]</msg>
<var>@{headerItems}</var>
<arg>${headerElement}</arg>
<arg>;</arg>
<doc>Splits the ``string`` using ``separator`` as a delimiter string.</doc>
<status status="PASS" start="2025-02-20T09:16:30.249174" elapsed="0.001002"/>
</kw>
<kw name="Add invoice header to database">
<kw name="Make Connection">
<kw name="Connect To Database" owner="DatabaseLibrary">
<msg time="2025-02-20T09:16:30.251177" level="INFO">Connecting using : pymysql.connect(db=rpa_kurssi, user=Robotuser, passwd=***, host=localhost, port=3306, charset=None)</msg>
<arg>pymysql</arg>
<arg>${DBtoConnect}</arg>
<arg>${dbuser}</arg>
<arg>${dbpass}</arg>
<arg>${dbhost}</arg>
<arg>${dbport}</arg>
<doc>Loads the DB API 2.0 module given ``dbapiModuleName`` then uses it to
connect to the database using provided parameters such as ``dbName``, ``dbUsername``, and ``dbPassword``.</doc>
<status status="PASS" start="2025-02-20T09:16:30.251177" elapsed="0.003999"/>
</kw>
<arg>${dbname}</arg>
<status status="PASS" start="2025-02-20T09:16:30.250176" elapsed="0.006002"/>
</kw>
<kw name="Convert Date" owner="DateTime">
<msg time="2025-02-20T09:16:30.256178" level="INFO">${InvoiceDate} = 2022-12-15</msg>
<var>${InvoiceDate}</var>
<arg>${items}[4]</arg>
<arg>date_format=%d.%m.%Y</arg>
<arg>result_format=%Y-%m-%d</arg>
<doc>Converts between supported `date formats`.</doc>
<status status="PASS" start="2025-02-20T09:16:30.256178" elapsed="0.000000"/>
</kw>
<kw name="Convert Date" owner="DateTime">
<msg time="2025-02-20T09:16:30.257175" level="INFO">${dueDate} = 2021-04-01</msg>
<var>${dueDate}</var>
<arg>${items}[5]</arg>
<arg>date_format=%d.%m.%Y</arg>
<arg>result_format=%Y-%m-%d</arg>
<doc>Converts between supported `date formats`.</doc>
<status status="PASS" start="2025-02-20T09:16:30.257175" elapsed="0.000000"/>
</kw>
<kw name="Set Variable" owner="BuiltIn">
<msg time="2025-02-20T09:16:30.257175" level="INFO">${insertStatement} = insert into invoiceheader (InvoiceNumber, CompanyName, CompanyCode, ReferenceNumber, InvoiceDate, DueDate, BankAccountNumber, AmountExclVAT, VAT, TotalAmount, Invoicestatus_ID, Comments) values ('1531...</msg>
<var>${insertStatement}</var>
<arg>insert into invoiceheader (InvoiceNumber, CompanyName, CompanyCode, ReferenceNumber, InvoiceDate, DueDate, BankAccountNumber, AmountExclVAT, VAT, TotalAmount, Invoicestatus_ID, Comments) values ('${items}[0]', '${items}[1]', '${items}[2]', '${items}[3]', '${InvoiceDate}', '${dueDate}', '${items}[6]', ${items}[7], ${items}[8], ${items}[9], -1, 'Processing');</arg>
<doc>Returns the given values which can then be assigned to a variables.</doc>
<status status="PASS" start="2025-02-20T09:16:30.257175" elapsed="0.000000"/>
</kw>
<kw name="Log" owner="BuiltIn">
<msg time="2025-02-20T09:16:30.258181" level="INFO">insert into invoiceheader (InvoiceNumber, CompanyName, CompanyCode, ReferenceNumber, InvoiceDate, DueDate, BankAccountNumber, AmountExclVAT, VAT, TotalAmount, Invoicestatus_ID, Comments) values ('153143', 'Service Provider Oy', '1234567-8', '1531439', '2022-12-15', '2021-04-01', 'FI12 3456 7890 1234 56', 2700, 648, 3348, -1, 'Processing');</msg>
<arg>${insertStatement}</arg>
<doc>Logs the given message with the given level.</doc>
<status status="PASS" start="2025-02-20T09:16:30.258181" elapsed="0.000000"/>
</kw>
<kw name="Execute Sql String" owner="DatabaseLibrary">
<msg time="2025-02-20T09:16:30.258181" level="INFO">Executing : Execute SQL String  |  insert into invoiceheader (InvoiceNumber, CompanyName, CompanyCode, ReferenceNumber, InvoiceDate, DueDate, BankAccountNumber, AmountExclVAT, VAT, TotalAmount, Invoicestatus_ID, Comments) values ('153143', 'Service Provider Oy', '1234567-8', '1531439', '2022-12-15', '2021-04-01', 'FI12 3456 7890 1234 56', 2700, 648, 3348, -1, 'Processing');</msg>
<arg>${insertStatement}</arg>
<doc>Executes the ``sqlString`` as a single SQL command.</doc>
<status status="PASS" start="2025-02-20T09:16:30.258181" elapsed="0.002512"/>
</kw>
<kw name="Disconnect From Database" owner="DatabaseLibrary">
<msg time="2025-02-20T09:16:30.260693" level="INFO">Executing : Disconnect From Database</msg>
<doc>Disconnects from the database.</doc>
<status status="PASS" start="2025-02-20T09:16:30.260693" elapsed="0.001000"/>
</kw>
<arg>${headerItems}</arg>
<status status="PASS" start="2025-02-20T09:16:30.250176" elapsed="0.011517"/>
</kw>
<var name="${headerElement}">153143;Service Provider Oy;1234567-8;1531439;15.12.2022;01.04.2021;FI12 3456 7890 1234 56;2700;648;3348</var>
<status status="PASS" start="2025-02-20T09:16:30.248178" elapsed="0.013515"/>
</iter>
<var>${headerElement}</var>
<value>@{headers}</value>
<status status="PASS" start="2025-02-20T09:16:30.214169" elapsed="0.047524"/>
</for>
<for flavor="IN">
<iter>
<kw name="Log" owner="BuiltIn">
<msg time="2025-02-20T09:16:30.262694" level="INFO">143143;1;Installation Services;5;h;60;24;72;372</msg>
<arg>${rowElement}</arg>
<doc>Logs the given message with the given level.</doc>
<status status="PASS" start="2025-02-20T09:16:30.262694" elapsed="0.001003"/>
</kw>
<kw name="Split String" owner="String">
<msg time="2025-02-20T09:16:30.263697" level="INFO">@{rowItems} = [ 143143 | 1 | Installation Services | 5 | h | 60 | 24 | 72 | 372 ]</msg>
<var>@{rowItems}</var>
<arg>${rowElement}</arg>
<arg>;</arg>
<doc>Splits the ``string`` using ``separator`` as a delimiter string.</doc>
<status status="PASS" start="2025-02-20T09:16:30.263697" elapsed="0.000000"/>
</kw>
<kw name="Add invoiceRow to Database">
<kw name="Make Connection">
<kw name="Connect To Database" owner="DatabaseLibrary">
<msg time="2025-02-20T09:16:30.265697" level="INFO">Connecting using : pymysql.connect(db=rpa_kurssi, user=Robotuser, passwd=***, host=localhost, port=3306, charset=None)</msg>
<arg>pymysql</arg>
<arg>${DBtoConnect}</arg>
<arg>${dbuser}</arg>
<arg>${dbpass}</arg>
<arg>${dbhost}</arg>
<arg>${dbport}</arg>
<doc>Loads the DB API 2.0 module given ``dbapiModuleName`` then uses it to
connect to the database using provided parameters such as ``dbName``, ``dbUsername``, and ``dbPassword``.</doc>
<status status="PASS" start="2025-02-20T09:16:30.264697" elapsed="0.002997"/>
</kw>
<arg>${dbname}</arg>
<status status="PASS" start="2025-02-20T09:16:30.264697" elapsed="0.002997"/>
</kw>
<kw name="Set Variable" owner="BuiltIn">
<msg time="2025-02-20T09:16:30.268696" level="INFO">${insertStatement} = insert into invoicerow (InvoiceNumber, RowNumber, Description, Quantity, Unit, UnitPrice, VATPercent, VAT, Total) values ('143143', '1', 'Installation Services', '5', 'h', 60, '24', 72, 372);</msg>
<var>${insertStatement}</var>
<arg>insert into invoicerow (InvoiceNumber, RowNumber, Description, Quantity, Unit, UnitPrice, VATPercent, VAT, Total) values ('${items}[0]', '${items}[1]', '${items}[2]', '${items}[3]', '${items}[4]', ${items}[5], '${items}[6]', ${items}[7], ${items}[8]);</arg>
<doc>Returns the given values which can then be assigned to a variables.</doc>
<status status="PASS" start="2025-02-20T09:16:30.267694" elapsed="0.001002"/>
</kw>
<kw name="Log" owner="BuiltIn">
<msg time="2025-02-20T09:16:30.268696" level="INFO">insert into invoicerow (InvoiceNumber, RowNumber, Description, Quantity, Unit, UnitPrice, VATPercent, VAT, Total) values ('143143', '1', 'Installation Services', '5', 'h', 60, '24', 72, 372);</msg>
<arg>${insertStatement}</arg>
<doc>Logs the given message with the given level.</doc>
<status status="PASS" start="2025-02-20T09:16:30.268696" elapsed="0.000997"/>
</kw>
<kw name="Execute Sql String" owner="DatabaseLibrary">
<msg time="2025-02-20T09:16:30.269693" level="INFO">Executing : Execute SQL String  |  insert into invoicerow (InvoiceNumber, RowNumber, Description, Quantity, Unit, UnitPrice, VATPercent, VAT, Total) values ('143143', '1', 'Installation Services', '5', 'h', 60, '24', 72, 372);</msg>
<arg>${insertStatement}</arg>
<doc>Executes the ``sqlString`` as a single SQL command.</doc>
<status status="PASS" start="2025-02-20T09:16:30.269693" elapsed="0.001999"/>
</kw>
<kw name="Disconnect From Database" owner="DatabaseLibrary">
<msg time="2025-02-20T09:16:30.272693" level="INFO">Executing : Disconnect From Database</msg>
<doc>Disconnects from the database.</doc>
<status status="PASS" start="2025-02-20T09:16:30.272693" elapsed="0.000000"/>
</kw>
<arg>${rowItems}</arg>
<status status="PASS" start="2025-02-20T09:16:30.263697" elapsed="0.008996"/>
</kw>
<var name="${rowElement}">143143;1;Installation Services;5;h;60;24;72;372</var>
<status status="PASS" start="2025-02-20T09:16:30.262694" elapsed="0.009999"/>
</iter>
<iter>
<kw name="Log" owner="BuiltIn">
<msg time="2025-02-20T09:16:30.273693" level="INFO">143143;2;Replacement Products;10;kpl;105;24;252;1302</msg>
<arg>${rowElement}</arg>
<doc>Logs the given message with the given level.</doc>
<status status="PASS" start="2025-02-20T09:16:30.273693" elapsed="0.000000"/>
</kw>
<kw name="Split String" owner="String">
<msg time="2025-02-20T09:16:30.273693" level="INFO">@{rowItems} = [ 143143 | 2 | Replacement Products | 10 | kpl | 105 | 24 | 252 | 1302 ]</msg>
<var>@{rowItems}</var>
<arg>${rowElement}</arg>
<arg>;</arg>
<doc>Splits the ``string`` using ``separator`` as a delimiter string.</doc>
<status status="PASS" start="2025-02-20T09:16:30.273693" elapsed="0.000000"/>
</kw>
<kw name="Add invoiceRow to Database">
<kw name="Make Connection">
<kw name="Connect To Database" owner="DatabaseLibrary">
<msg time="2025-02-20T09:16:30.274691" level="INFO">Connecting using : pymysql.connect(db=rpa_kurssi, user=Robotuser, passwd=***, host=localhost, port=3306, charset=None)</msg>
<arg>pymysql</arg>
<arg>${DBtoConnect}</arg>
<arg>${dbuser}</arg>
<arg>${dbpass}</arg>
<arg>${dbhost}</arg>
<arg>${dbport}</arg>
<doc>Loads the DB API 2.0 module given ``dbapiModuleName`` then uses it to
connect to the database using provided parameters such as ``dbName``, ``dbUsername``, and ``dbPassword``.</doc>
<status status="PASS" start="2025-02-20T09:16:30.274691" elapsed="0.002002"/>
</kw>
<arg>${dbname}</arg>
<status status="PASS" start="2025-02-20T09:16:30.274691" elapsed="0.002002"/>
</kw>
<kw name="Set Variable" owner="BuiltIn">
<msg time="2025-02-20T09:16:30.277695" level="INFO">${insertStatement} = insert into invoicerow (InvoiceNumber, RowNumber, Description, Quantity, Unit, UnitPrice, VATPercent, VAT, Total) values ('143143', '2', 'Replacement Products', '10', 'kpl', 105, '24', 252, 1302);</msg>
<var>${insertStatement}</var>
<arg>insert into invoicerow (InvoiceNumber, RowNumber, Description, Quantity, Unit, UnitPrice, VATPercent, VAT, Total) values ('${items}[0]', '${items}[1]', '${items}[2]', '${items}[3]', '${items}[4]', ${items}[5], '${items}[6]', ${items}[7], ${items}[8]);</arg>
<doc>Returns the given values which can then be assigned to a variables.</doc>
<status status="PASS" start="2025-02-20T09:16:30.276693" elapsed="0.001002"/>
</kw>
<kw name="Log" owner="BuiltIn">
<msg time="2025-02-20T09:16:30.278692" level="INFO">insert into invoicerow (InvoiceNumber, RowNumber, Description, Quantity, Unit, UnitPrice, VATPercent, VAT, Total) values ('143143', '2', 'Replacement Products', '10', 'kpl', 105, '24', 252, 1302);</msg>
<arg>${insertStatement}</arg>
<doc>Logs the given message with the given level.</doc>
<status status="PASS" start="2025-02-20T09:16:30.277695" elapsed="0.000997"/>
</kw>
<kw name="Execute Sql String" owner="DatabaseLibrary">
<msg time="2025-02-20T09:16:30.278692" level="INFO">Executing : Execute SQL String  |  insert into invoicerow (InvoiceNumber, RowNumber, Description, Quantity, Unit, UnitPrice, VATPercent, VAT, Total) values ('143143', '2', 'Replacement Products', '10', 'kpl', 105, '24', 252, 1302);</msg>
<arg>${insertStatement}</arg>
<doc>Executes the ``sqlString`` as a single SQL command.</doc>
<status status="PASS" start="2025-02-20T09:16:30.278692" elapsed="0.002004"/>
</kw>
<kw name="Disconnect From Database" owner="DatabaseLibrary">
<msg time="2025-02-20T09:16:30.281693" level="INFO">Executing : Disconnect From Database</msg>
<doc>Disconnects from the database.</doc>
<status status="PASS" start="2025-02-20T09:16:30.281693" elapsed="0.000000"/>
</kw>
<arg>${rowItems}</arg>
<status status="PASS" start="2025-02-20T09:16:30.273693" elapsed="0.008000"/>
</kw>
<var name="${rowElement}">143143;2;Replacement Products;10;kpl;105;24;252;1302</var>
<status status="PASS" start="2025-02-20T09:16:30.272693" elapsed="0.009000"/>
</iter>
<iter>
<kw name="Log" owner="BuiltIn">
<msg time="2025-02-20T09:16:30.282695" level="INFO">1543235;1;Keyboard Logitech;10;kpl;40;24;96;496</msg>
<arg>${rowElement}</arg>
<doc>Logs the given message with the given level.</doc>
<status status="PASS" start="2025-02-20T09:16:30.282695" elapsed="0.000000"/>
</kw>
<kw name="Split String" owner="String">
<msg time="2025-02-20T09:16:30.282695" level="INFO">@{rowItems} = [ 1543235 | 1 | Keyboard Logitech | 10 | kpl | 40 | 24 | 96 | 496 ]</msg>
<var>@{rowItems}</var>
<arg>${rowElement}</arg>
<arg>;</arg>
<doc>Splits the ``string`` using ``separator`` as a delimiter string.</doc>
<status status="PASS" start="2025-02-20T09:16:30.282695" elapsed="0.000000"/>
</kw>
<kw name="Add invoiceRow to Database">
<kw name="Make Connection">
<kw name="Connect To Database" owner="DatabaseLibrary">
<msg time="2025-02-20T09:16:30.283693" level="INFO">Connecting using : pymysql.connect(db=rpa_kurssi, user=Robotuser, passwd=***, host=localhost, port=3306, charset=None)</msg>
<arg>pymysql</arg>
<arg>${DBtoConnect}</arg>
<arg>${dbuser}</arg>
<arg>${dbpass}</arg>
<arg>${dbhost}</arg>
<arg>${dbport}</arg>
<doc>Loads the DB API 2.0 module given ``dbapiModuleName`` then uses it to
connect to the database using provided parameters such as ``dbName``, ``dbUsername``, and ``dbPassword``.</doc>
<status status="PASS" start="2025-02-20T09:16:30.283693" elapsed="0.002000"/>
</kw>
<arg>${dbname}</arg>
<status status="PASS" start="2025-02-20T09:16:30.283693" elapsed="0.003002"/>
</kw>
<kw name="Set Variable" owner="BuiltIn">
<msg time="2025-02-20T09:16:30.286695" level="INFO">${insertStatement} = insert into invoicerow (InvoiceNumber, RowNumber, Description, Quantity, Unit, UnitPrice, VATPercent, VAT, Total) values ('1543235', '1', 'Keyboard Logitech', '10', 'kpl', 40, '24', 96, 496);</msg>
<var>${insertStatement}</var>
<arg>insert into invoicerow (InvoiceNumber, RowNumber, Description, Quantity, Unit, UnitPrice, VATPercent, VAT, Total) values ('${items}[0]', '${items}[1]', '${items}[2]', '${items}[3]', '${items}[4]', ${items}[5], '${items}[6]', ${items}[7], ${items}[8]);</arg>
<doc>Returns the given values which can then be assigned to a variables.</doc>
<status status="PASS" start="2025-02-20T09:16:30.286695" elapsed="0.000000"/>
</kw>
<kw name="Log" owner="BuiltIn">
<msg time="2025-02-20T09:16:30.287693" level="INFO">insert into invoicerow (InvoiceNumber, RowNumber, Description, Quantity, Unit, UnitPrice, VATPercent, VAT, Total) values ('1543235', '1', 'Keyboard Logitech', '10', 'kpl', 40, '24', 96, 496);</msg>
<arg>${insertStatement}</arg>
<doc>Logs the given message with the given level.</doc>
<status status="PASS" start="2025-02-20T09:16:30.287693" elapsed="0.000000"/>
</kw>
<kw name="Execute Sql String" owner="DatabaseLibrary">
<msg time="2025-02-20T09:16:30.287693" level="INFO">Executing : Execute SQL String  |  insert into invoicerow (InvoiceNumber, RowNumber, Description, Quantity, Unit, UnitPrice, VATPercent, VAT, Total) values ('1543235', '1', 'Keyboard Logitech', '10', 'kpl', 40, '24', 96, 496);</msg>
<arg>${insertStatement}</arg>
<doc>Executes the ``sqlString`` as a single SQL command.</doc>
<status status="PASS" start="2025-02-20T09:16:30.287693" elapsed="0.002998"/>
</kw>
<kw name="Disconnect From Database" owner="DatabaseLibrary">
<msg time="2025-02-20T09:16:30.290691" level="INFO">Executing : Disconnect From Database</msg>
<doc>Disconnects from the database.</doc>
<status status="PASS" start="2025-02-20T09:16:30.290691" elapsed="0.000000"/>
</kw>
<arg>${rowItems}</arg>
<status status="PASS" start="2025-02-20T09:16:30.282695" elapsed="0.009000"/>
</kw>
<var name="${rowElement}">1543235;1;Keyboard Logitech;10;kpl;40;24;96;496</var>
<status status="PASS" start="2025-02-20T09:16:30.282695" elapsed="0.009000"/>
</iter>
<iter>
<kw name="Log" owner="BuiltIn">
<msg time="2025-02-20T09:16:30.291695" level="INFO">1543235;2;Brother printer;1;kpl;65;24;15.6;80.6</msg>
<arg>${rowElement}</arg>
<doc>Logs the given message with the given level.</doc>
<status status="PASS" start="2025-02-20T09:16:30.291695" elapsed="0.000997"/>
</kw>
<kw name="Split String" owner="String">
<msg time="2025-02-20T09:16:30.292692" level="INFO">@{rowItems} = [ 1543235 | 2 | Brother printer | 1 | kpl | 65 | 24 | 15.6 | 80.6 ]</msg>
<var>@{rowItems}</var>
<arg>${rowElement}</arg>
<arg>;</arg>
<doc>Splits the ``string`` using ``separator`` as a delimiter string.</doc>
<status status="PASS" start="2025-02-20T09:16:30.292692" elapsed="0.000000"/>
</kw>
<kw name="Add invoiceRow to Database">
<kw name="Make Connection">
<kw name="Connect To Database" owner="DatabaseLibrary">
<msg time="2025-02-20T09:16:30.293690" level="INFO">Connecting using : pymysql.connect(db=rpa_kurssi, user=Robotuser, passwd=***, host=localhost, port=3306, charset=None)</msg>
<arg>pymysql</arg>
<arg>${DBtoConnect}</arg>
<arg>${dbuser}</arg>
<arg>${dbpass}</arg>
<arg>${dbhost}</arg>
<arg>${dbport}</arg>
<doc>Loads the DB API 2.0 module given ``dbapiModuleName`` then uses it to
connect to the database using provided parameters such as ``dbName``, ``dbUsername``, and ``dbPassword``.</doc>
<status status="PASS" start="2025-02-20T09:16:30.293690" elapsed="0.002002"/>
</kw>
<arg>${dbname}</arg>
<status status="PASS" start="2025-02-20T09:16:30.292692" elapsed="0.003000"/>
</kw>
<kw name="Set Variable" owner="BuiltIn">
<msg time="2025-02-20T09:16:30.296692" level="INFO">${insertStatement} = insert into invoicerow (InvoiceNumber, RowNumber, Description, Quantity, Unit, UnitPrice, VATPercent, VAT, Total) values ('1543235', '2', 'Brother printer', '1', 'kpl', 65, '24', 15.6, 80.6);</msg>
<var>${insertStatement}</var>
<arg>insert into invoicerow (InvoiceNumber, RowNumber, Description, Quantity, Unit, UnitPrice, VATPercent, VAT, Total) values ('${items}[0]', '${items}[1]', '${items}[2]', '${items}[3]', '${items}[4]', ${items}[5], '${items}[6]', ${items}[7], ${items}[8]);</arg>
<doc>Returns the given values which can then be assigned to a variables.</doc>
<status status="PASS" start="2025-02-20T09:16:30.295692" elapsed="0.001000"/>
</kw>
<kw name="Log" owner="BuiltIn">
<msg time="2025-02-20T09:16:30.296692" level="INFO">insert into invoicerow (InvoiceNumber, RowNumber, Description, Quantity, Unit, UnitPrice, VATPercent, VAT, Total) values ('1543235', '2', 'Brother printer', '1', 'kpl', 65, '24', 15.6, 80.6);</msg>
<arg>${insertStatement}</arg>
<doc>Logs the given message with the given level.</doc>
<status status="PASS" start="2025-02-20T09:16:30.296692" elapsed="0.000999"/>
</kw>
<kw name="Execute Sql String" owner="DatabaseLibrary">
<msg time="2025-02-20T09:16:30.297691" level="INFO">Executing : Execute SQL String  |  insert into invoicerow (InvoiceNumber, RowNumber, Description, Quantity, Unit, UnitPrice, VATPercent, VAT, Total) values ('1543235', '2', 'Brother printer', '1', 'kpl', 65, '24', 15.6, 80.6);</msg>
<arg>${insertStatement}</arg>
<doc>Executes the ``sqlString`` as a single SQL command.</doc>
<status status="PASS" start="2025-02-20T09:16:30.297691" elapsed="0.002999"/>
</kw>
<kw name="Disconnect From Database" owner="DatabaseLibrary">
<msg time="2025-02-20T09:16:30.300690" level="INFO">Executing : Disconnect From Database</msg>
<doc>Disconnects from the database.</doc>
<status status="PASS" start="2025-02-20T09:16:30.300690" elapsed="0.000000"/>
</kw>
<arg>${rowItems}</arg>
<status status="PASS" start="2025-02-20T09:16:30.292692" elapsed="0.008998"/>
</kw>
<var name="${rowElement}">1543235;2;Brother printer;1;kpl;65;24;15.6;80.6</var>
<status status="PASS" start="2025-02-20T09:16:30.291695" elapsed="0.009995"/>
</iter>
<iter>
<kw name="Log" owner="BuiltIn">
<msg time="2025-02-20T09:16:30.301690" level="INFO">153143;1;Installation Services;5;h;60;24;72;372</msg>
<arg>${rowElement}</arg>
<doc>Logs the given message with the given level.</doc>
<status status="PASS" start="2025-02-20T09:16:30.301690" elapsed="0.001005"/>
</kw>
<kw name="Split String" owner="String">
<msg time="2025-02-20T09:16:30.302695" level="INFO">@{rowItems} = [ 153143 | 1 | Installation Services | 5 | h | 60 | 24 | 72 | 372 ]</msg>
<var>@{rowItems}</var>
<arg>${rowElement}</arg>
<arg>;</arg>
<doc>Splits the ``string`` using ``separator`` as a delimiter string.</doc>
<status status="PASS" start="2025-02-20T09:16:30.302695" elapsed="0.000000"/>
</kw>
<kw name="Add invoiceRow to Database">
<kw name="Make Connection">
<kw name="Connect To Database" owner="DatabaseLibrary">
<msg time="2025-02-20T09:16:30.304691" level="INFO">Connecting using : pymysql.connect(db=rpa_kurssi, user=Robotuser, passwd=***, host=localhost, port=3306, charset=None)</msg>
<arg>pymysql</arg>
<arg>${DBtoConnect}</arg>
<arg>${dbuser}</arg>
<arg>${dbpass}</arg>
<arg>${dbhost}</arg>
<arg>${dbport}</arg>
<doc>Loads the DB API 2.0 module given ``dbapiModuleName`` then uses it to
connect to the database using provided parameters such as ``dbName``, ``dbUsername``, and ``dbPassword``.</doc>
<status status="PASS" start="2025-02-20T09:16:30.303696" elapsed="0.004998"/>
</kw>
<arg>${dbname}</arg>
<status status="PASS" start="2025-02-20T09:16:30.303696" elapsed="0.004998"/>
</kw>
<kw name="Set Variable" owner="BuiltIn">
<msg time="2025-02-20T09:16:30.309692" level="INFO">${insertStatement} = insert into invoicerow (InvoiceNumber, RowNumber, Description, Quantity, Unit, UnitPrice, VATPercent, VAT, Total) values ('153143', '1', 'Installation Services', '5', 'h', 60, '24', 72, 372);</msg>
<var>${insertStatement}</var>
<arg>insert into invoicerow (InvoiceNumber, RowNumber, Description, Quantity, Unit, UnitPrice, VATPercent, VAT, Total) values ('${items}[0]', '${items}[1]', '${items}[2]', '${items}[3]', '${items}[4]', ${items}[5], '${items}[6]', ${items}[7], ${items}[8]);</arg>
<doc>Returns the given values which can then be assigned to a variables.</doc>
<status status="PASS" start="2025-02-20T09:16:30.308694" elapsed="0.000998"/>
</kw>
<kw name="Log" owner="BuiltIn">
<msg time="2025-02-20T09:16:30.309692" level="INFO">insert into invoicerow (InvoiceNumber, RowNumber, Description, Quantity, Unit, UnitPrice, VATPercent, VAT, Total) values ('153143', '1', 'Installation Services', '5', 'h', 60, '24', 72, 372);</msg>
<arg>${insertStatement}</arg>
<doc>Logs the given message with the given level.</doc>
<status status="PASS" start="2025-02-20T09:16:30.309692" elapsed="0.000000"/>
</kw>
<kw name="Execute Sql String" owner="DatabaseLibrary">
<msg time="2025-02-20T09:16:30.310691" level="INFO">Executing : Execute SQL String  |  insert into invoicerow (InvoiceNumber, RowNumber, Description, Quantity, Unit, UnitPrice, VATPercent, VAT, Total) values ('153143', '1', 'Installation Services', '5', 'h', 60, '24', 72, 372);</msg>
<arg>${insertStatement}</arg>
<doc>Executes the ``sqlString`` as a single SQL command.</doc>
<status status="PASS" start="2025-02-20T09:16:30.310691" elapsed="0.003000"/>
</kw>
<kw name="Disconnect From Database" owner="DatabaseLibrary">
<msg time="2025-02-20T09:16:30.313691" level="INFO">Executing : Disconnect From Database</msg>
<doc>Disconnects from the database.</doc>
<status status="PASS" start="2025-02-20T09:16:30.313691" elapsed="0.001001"/>
</kw>
<arg>${rowItems}</arg>
<status status="PASS" start="2025-02-20T09:16:30.303696" elapsed="0.010996"/>
</kw>
<var name="${rowElement}">153143;1;Installation Services;5;h;60;24;72;372</var>
<status status="PASS" start="2025-02-20T09:16:30.301690" elapsed="0.013002"/>
</iter>
<iter>
<kw name="Log" owner="BuiltIn">
<msg time="2025-02-20T09:16:30.315691" level="INFO">153143;2;Replacement Products;10;kpl;105;24;252;1302</msg>
<arg>${rowElement}</arg>
<doc>Logs the given message with the given level.</doc>
<status status="PASS" start="2025-02-20T09:16:30.315691" elapsed="0.000000"/>
</kw>
<kw name="Split String" owner="String">
<msg time="2025-02-20T09:16:30.315691" level="INFO">@{rowItems} = [ 153143 | 2 | Replacement Products | 10 | kpl | 105 | 24 | 252 | 1302 ]</msg>
<var>@{rowItems}</var>
<arg>${rowElement}</arg>
<arg>;</arg>
<doc>Splits the ``string`` using ``separator`` as a delimiter string.</doc>
<status status="PASS" start="2025-02-20T09:16:30.315691" elapsed="0.000999"/>
</kw>
<kw name="Add invoiceRow to Database">
<kw name="Make Connection">
<kw name="Connect To Database" owner="DatabaseLibrary">
<msg time="2025-02-20T09:16:30.317692" level="INFO">Connecting using : pymysql.connect(db=rpa_kurssi, user=Robotuser, passwd=***, host=localhost, port=3306, charset=None)</msg>
<arg>pymysql</arg>
<arg>${DBtoConnect}</arg>
<arg>${dbuser}</arg>
<arg>${dbpass}</arg>
<arg>${dbhost}</arg>
<arg>${dbport}</arg>
<doc>Loads the DB API 2.0 module given ``dbapiModuleName`` then uses it to
connect to the database using provided parameters such as ``dbName``, ``dbUsername``, and ``dbPassword``.</doc>
<status status="PASS" start="2025-02-20T09:16:30.316690" elapsed="0.004001"/>
</kw>
<arg>${dbname}</arg>
<status status="PASS" start="2025-02-20T09:16:30.316690" elapsed="0.004001"/>
</kw>
<kw name="Set Variable" owner="BuiltIn">
<msg time="2025-02-20T09:16:30.321692" level="INFO">${insertStatement} = insert into invoicerow (InvoiceNumber, RowNumber, Description, Quantity, Unit, UnitPrice, VATPercent, VAT, Total) values ('153143', '2', 'Replacement Products', '10', 'kpl', 105, '24', 252, 1302);</msg>
<var>${insertStatement}</var>
<arg>insert into invoicerow (InvoiceNumber, RowNumber, Description, Quantity, Unit, UnitPrice, VATPercent, VAT, Total) values ('${items}[0]', '${items}[1]', '${items}[2]', '${items}[3]', '${items}[4]', ${items}[5], '${items}[6]', ${items}[7], ${items}[8]);</arg>
<doc>Returns the given values which can then be assigned to a variables.</doc>
<status status="PASS" start="2025-02-20T09:16:30.321692" elapsed="0.000000"/>
</kw>
<kw name="Log" owner="BuiltIn">
<msg time="2025-02-20T09:16:30.322689" level="INFO">insert into invoicerow (InvoiceNumber, RowNumber, Description, Quantity, Unit, UnitPrice, VATPercent, VAT, Total) values ('153143', '2', 'Replacement Products', '10', 'kpl', 105, '24', 252, 1302);</msg>
<arg>${insertStatement}</arg>
<doc>Logs the given message with the given level.</doc>
<status status="PASS" start="2025-02-20T09:16:30.321692" elapsed="0.000997"/>
</kw>
<kw name="Execute Sql String" owner="DatabaseLibrary">
<msg time="2025-02-20T09:16:30.322689" level="INFO">Executing : Execute SQL String  |  insert into invoicerow (InvoiceNumber, RowNumber, Description, Quantity, Unit, UnitPrice, VATPercent, VAT, Total) values ('153143', '2', 'Replacement Products', '10', 'kpl', 105, '24', 252, 1302);</msg>
<arg>${insertStatement}</arg>
<doc>Executes the ``sqlString`` as a single SQL command.</doc>
<status status="PASS" start="2025-02-20T09:16:30.322689" elapsed="0.003004"/>
</kw>
<kw name="Disconnect From Database" owner="DatabaseLibrary">
<msg time="2025-02-20T09:16:30.326692" level="INFO">Executing : Disconnect From Database</msg>
<doc>Disconnects from the database.</doc>
<status status="PASS" start="2025-02-20T09:16:30.326692" elapsed="0.000000"/>
</kw>
<arg>${rowItems}</arg>
<status status="PASS" start="2025-02-20T09:16:30.316690" elapsed="0.010002"/>
</kw>
<var name="${rowElement}">153143;2;Replacement Products;10;kpl;105;24;252;1302</var>
<status status="PASS" start="2025-02-20T09:16:30.314692" elapsed="0.012997"/>
</iter>
<iter>
<kw name="Log" owner="BuiltIn">
<msg time="2025-02-20T09:16:30.327689" level="INFO">153143;3;Cleaning Services;5;h;60;24;72;372</msg>
<arg>${rowElement}</arg>
<doc>Logs the given message with the given level.</doc>
<status status="PASS" start="2025-02-20T09:16:30.327689" elapsed="0.000000"/>
</kw>
<kw name="Split String" owner="String">
<msg time="2025-02-20T09:16:30.328689" level="INFO">@{rowItems} = [ 153143 | 3 | Cleaning Services | 5 | h | 60 | 24 | 72 | 372 ]</msg>
<var>@{rowItems}</var>
<arg>${rowElement}</arg>
<arg>;</arg>
<doc>Splits the ``string`` using ``separator`` as a delimiter string.</doc>
<status status="PASS" start="2025-02-20T09:16:30.327689" elapsed="0.001000"/>
</kw>
<kw name="Add invoiceRow to Database">
<kw name="Make Connection">
<kw name="Connect To Database" owner="DatabaseLibrary">
<msg time="2025-02-20T09:16:30.329687" level="INFO">Connecting using : pymysql.connect(db=rpa_kurssi, user=Robotuser, passwd=***, host=localhost, port=3306, charset=None)</msg>
<arg>pymysql</arg>
<arg>${DBtoConnect}</arg>
<arg>${dbuser}</arg>
<arg>${dbpass}</arg>
<arg>${dbhost}</arg>
<arg>${dbport}</arg>
<doc>Loads the DB API 2.0 module given ``dbapiModuleName`` then uses it to
connect to the database using provided parameters such as ``dbName``, ``dbUsername``, and ``dbPassword``.</doc>
<status status="PASS" start="2025-02-20T09:16:30.328689" elapsed="0.002998"/>
</kw>
<arg>${dbname}</arg>
<status status="PASS" start="2025-02-20T09:16:30.328689" elapsed="0.002998"/>
</kw>
<kw name="Set Variable" owner="BuiltIn">
<msg time="2025-02-20T09:16:30.331687" level="INFO">${insertStatement} = insert into invoicerow (InvoiceNumber, RowNumber, Description, Quantity, Unit, UnitPrice, VATPercent, VAT, Total) values ('153143', '3', 'Cleaning Services', '5', 'h', 60, '24', 72, 372);</msg>
<var>${insertStatement}</var>
<arg>insert into invoicerow (InvoiceNumber, RowNumber, Description, Quantity, Unit, UnitPrice, VATPercent, VAT, Total) values ('${items}[0]', '${items}[1]', '${items}[2]', '${items}[3]', '${items}[4]', ${items}[5], '${items}[6]', ${items}[7], ${items}[8]);</arg>
<doc>Returns the given values which can then be assigned to a variables.</doc>
<status status="PASS" start="2025-02-20T09:16:30.331687" elapsed="0.001000"/>
</kw>
<kw name="Log" owner="BuiltIn">
<msg time="2025-02-20T09:16:30.332687" level="INFO">insert into invoicerow (InvoiceNumber, RowNumber, Description, Quantity, Unit, UnitPrice, VATPercent, VAT, Total) values ('153143', '3', 'Cleaning Services', '5', 'h', 60, '24', 72, 372);</msg>
<arg>${insertStatement}</arg>
<doc>Logs the given message with the given level.</doc>
<status status="PASS" start="2025-02-20T09:16:30.332687" elapsed="0.000000"/>
</kw>
<kw name="Execute Sql String" owner="DatabaseLibrary">
<msg time="2025-02-20T09:16:30.332687" level="INFO">Executing : Execute SQL String  |  insert into invoicerow (InvoiceNumber, RowNumber, Description, Quantity, Unit, UnitPrice, VATPercent, VAT, Total) values ('153143', '3', 'Cleaning Services', '5', 'h', 60, '24', 72, 372);</msg>
<arg>${insertStatement}</arg>
<doc>Executes the ``sqlString`` as a single SQL command.</doc>
<status status="PASS" start="2025-02-20T09:16:30.332687" elapsed="0.002999"/>
</kw>
<kw name="Disconnect From Database" owner="DatabaseLibrary">
<msg time="2025-02-20T09:16:30.335686" level="INFO">Executing : Disconnect From Database</msg>
<doc>Disconnects from the database.</doc>
<status status="PASS" start="2025-02-20T09:16:30.335686" elapsed="0.000000"/>
</kw>
<arg>${rowItems}</arg>
<status status="PASS" start="2025-02-20T09:16:30.328689" elapsed="0.007998"/>
</kw>
<var name="${rowElement}">153143;3;Cleaning Services;5;h;60;24;72;372</var>
<status status="PASS" start="2025-02-20T09:16:30.327689" elapsed="0.008998"/>
</iter>
<iter>
<kw name="Log" owner="BuiltIn">
<msg time="2025-02-20T09:16:30.336687" level="INFO">153143;4;Cleaning Wipes;10;kpl;105;24;252;1302</msg>
<arg>${rowElement}</arg>
<doc>Logs the given message with the given level.</doc>
<status status="PASS" start="2025-02-20T09:16:30.336687" elapsed="0.000000"/>
</kw>
<kw name="Split String" owner="String">
<msg time="2025-02-20T09:16:30.337687" level="INFO">@{rowItems} = [ 153143 | 4 | Cleaning Wipes | 10 | kpl | 105 | 24 | 252 | 1302 ]</msg>
<var>@{rowItems}</var>
<arg>${rowElement}</arg>
<arg>;</arg>
<doc>Splits the ``string`` using ``separator`` as a delimiter string.</doc>
<status status="PASS" start="2025-02-20T09:16:30.336687" elapsed="0.001000"/>
</kw>
<kw name="Add invoiceRow to Database">
<kw name="Make Connection">
<kw name="Connect To Database" owner="DatabaseLibrary">
<msg time="2025-02-20T09:16:30.338688" level="INFO">Connecting using : pymysql.connect(db=rpa_kurssi, user=Robotuser, passwd=***, host=localhost, port=3306, charset=None)</msg>
<arg>pymysql</arg>
<arg>${DBtoConnect}</arg>
<arg>${dbuser}</arg>
<arg>${dbpass}</arg>
<arg>${dbhost}</arg>
<arg>${dbport}</arg>
<doc>Loads the DB API 2.0 module given ``dbapiModuleName`` then uses it to
connect to the database using provided parameters such as ``dbName``, ``dbUsername``, and ``dbPassword``.</doc>
<status status="PASS" start="2025-02-20T09:16:30.338688" elapsed="0.002000"/>
</kw>
<arg>${dbname}</arg>
<status status="PASS" start="2025-02-20T09:16:30.338688" elapsed="0.003000"/>
</kw>
<kw name="Set Variable" owner="BuiltIn">
<msg time="2025-02-20T09:16:30.341688" level="INFO">${insertStatement} = insert into invoicerow (InvoiceNumber, RowNumber, Description, Quantity, Unit, UnitPrice, VATPercent, VAT, Total) values ('153143', '4', 'Cleaning Wipes', '10', 'kpl', 105, '24', 252, 1302);</msg>
<var>${insertStatement}</var>
<arg>insert into invoicerow (InvoiceNumber, RowNumber, Description, Quantity, Unit, UnitPrice, VATPercent, VAT, Total) values ('${items}[0]', '${items}[1]', '${items}[2]', '${items}[3]', '${items}[4]', ${items}[5], '${items}[6]', ${items}[7], ${items}[8]);</arg>
<doc>Returns the given values which can then be assigned to a variables.</doc>
<status status="PASS" start="2025-02-20T09:16:30.341688" elapsed="0.000000"/>
</kw>
<kw name="Log" owner="BuiltIn">
<msg time="2025-02-20T09:16:30.342690" level="INFO">insert into invoicerow (InvoiceNumber, RowNumber, Description, Quantity, Unit, UnitPrice, VATPercent, VAT, Total) values ('153143', '4', 'Cleaning Wipes', '10', 'kpl', 105, '24', 252, 1302);</msg>
<arg>${insertStatement}</arg>
<doc>Logs the given message with the given level.</doc>
<status status="PASS" start="2025-02-20T09:16:30.342690" elapsed="0.000000"/>
</kw>
<kw name="Execute Sql String" owner="DatabaseLibrary">
<msg time="2025-02-20T09:16:30.343691" level="INFO">Executing : Execute SQL String  |  insert into invoicerow (InvoiceNumber, RowNumber, Description, Quantity, Unit, UnitPrice, VATPercent, VAT, Total) values ('153143', '4', 'Cleaning Wipes', '10', 'kpl', 105, '24', 252, 1302);</msg>
<arg>${insertStatement}</arg>
<doc>Executes the ``sqlString`` as a single SQL command.</doc>
<status status="PASS" start="2025-02-20T09:16:30.342690" elapsed="0.005011"/>
</kw>
<kw name="Disconnect From Database" owner="DatabaseLibrary">
<msg time="2025-02-20T09:16:30.347701" level="INFO">Executing : Disconnect From Database</msg>
<doc>Disconnects from the database.</doc>
<status status="PASS" start="2025-02-20T09:16:30.347701" elapsed="0.000000"/>
</kw>
<arg>${rowItems}</arg>
<status status="PASS" start="2025-02-20T09:16:30.337687" elapsed="0.011011"/>
</kw>
<var name="${rowElement}">153143;4;Cleaning Wipes;10;kpl;105;24;252;1302</var>
<status status="PASS" start="2025-02-20T09:16:30.336687" elapsed="0.012011"/>
</iter>
<var>${rowElement}</var>
<value>@{rows}</value>
<status status="PASS" start="2025-02-20T09:16:30.262694" elapsed="0.086004"/>
</for>
<kw name="Disconnect From Database" owner="DatabaseLibrary">
<msg time="2025-02-20T09:16:30.349702" level="INFO">Executing : Disconnect From Database</msg>
<msg time="2025-02-20T09:16:30.349702" level="INFO">No open database connection to close</msg>
<doc>Disconnects from the database.</doc>
<status status="PASS" start="2025-02-20T09:16:30.348698" elapsed="0.001004"/>
</kw>
<status status="PASS" start="2025-02-20T09:16:30.059659" elapsed="0.290043"/>
</test>
<test id="s1-t2" name="Validate and update validation info to DB" line="142">
<kw name="Make Connection">
<kw name="Connect To Database" owner="DatabaseLibrary">
<msg time="2025-02-20T09:16:30.351698" level="INFO">Connecting using : pymysql.connect(db=rpa_kurssi, user=Robotuser, passwd=***, host=localhost, port=3306, charset=None)</msg>
<arg>pymysql</arg>
<arg>${DBtoConnect}</arg>
<arg>${dbuser}</arg>
<arg>${dbpass}</arg>
<arg>${dbhost}</arg>
<arg>${dbport}</arg>
<doc>Loads the DB API 2.0 module given ``dbapiModuleName`` then uses it to
connect to the database using provided parameters such as ``dbName``, ``dbUsername``, and ``dbPassword``.</doc>
<status status="PASS" start="2025-02-20T09:16:30.351698" elapsed="0.003003"/>
</kw>
<arg>${dbname}</arg>
<status status="PASS" start="2025-02-20T09:16:30.351698" elapsed="0.003003"/>
</kw>
<kw name="Query" owner="DatabaseLibrary">
<msg time="2025-02-20T09:16:30.355699" level="INFO">Executing : Query  |  SELECT ih.InvoiceNumber, ih.ReferenceNumber, ih.BankAccountNumber, ih.TotalAmount, SUM(ir.Total) AS TotalSum FROM invoiceheader ih JOIN invoicerow ir ON ih.InvoiceNumber = ir.InvoiceNumber WHERE ih.invoicestatus_ID = -1 GROUP BY ih.InvoiceNumber, ih.ReferenceNumber, ih.BankAccountNumber, ih.TotalAmount; </msg>
<msg time="2025-02-20T09:16:30.359698" level="INFO">${invoices} = ((143143, '1431432', 'FI12 3456 7890 1234 56', Decimal('1674.00'), Decimal('1674.00')), (153143, '1531439', 'FI12 3456 7890 1234 56', Decimal('3348.00'), Decimal('3348.00')), (1543235, '15432359', 'FI...</msg>
<var>${invoices}</var>
<arg>SELECT ih.InvoiceNumber, ih.ReferenceNumber, ih.BankAccountNumber, ih.TotalAmount, SUM(ir.Total) AS TotalSum FROM invoiceheader ih JOIN invoicerow ir ON ih.InvoiceNumber = ir.InvoiceNumber WHERE ih.invoicestatus_ID = -1 GROUP BY ih.InvoiceNumber, ih.ReferenceNumber, ih.BankAccountNumber, ih.TotalAmount;</arg>
<doc>Runs a query with the ``selectStatement`` and returns the result as a list of rows.
The type of row values depends on the database module -
usually they are tuples or tuple-like objects.</doc>
<status status="PASS" start="2025-02-20T09:16:30.355699" elapsed="0.003999"/>
</kw>
<for flavor="IN">
<iter>
<kw name="Log" owner="BuiltIn">
<msg time="2025-02-20T09:16:30.361214" level="INFO">((143143, '1431432', 'FI12 3456 7890 1234 56', Decimal('1674.00'), Decimal('1674.00')), (153143, '1531439', 'FI12 3456 7890 1234 56', Decimal('3348.00'), Decimal('3348.00')), (1543235, '15432359', 'FI05 1234 5600 7891 01', Decimal('576.60'), Decimal('576.60')))</msg>
<arg>${invoices}</arg>
<doc>Logs the given message with the given level.</doc>
<status status="PASS" start="2025-02-20T09:16:30.360208" elapsed="0.001006"/>
</kw>
<kw name="Set Variable" owner="BuiltIn">
<msg time="2025-02-20T09:16:30.361214" level="INFO">${invoiceStatus} = 0</msg>
<var>${invoiceStatus}</var>
<arg>0</arg>
<doc>Returns the given values which can then be assigned to a variables.</doc>
<status status="PASS" start="2025-02-20T09:16:30.361214" elapsed="0.000000"/>
</kw>
<kw name="Set Variable" owner="BuiltIn">
<msg time="2025-02-20T09:16:30.362217" level="INFO">${invoiceComment} = All ok</msg>
<var>${invoiceComment}</var>
<arg>All ok</arg>
<doc>Returns the given values which can then be assigned to a variables.</doc>
<status status="PASS" start="2025-02-20T09:16:30.361214" elapsed="0.001003"/>
</kw>
<kw name="Check Reference Number">
<kw name="Set Variable" owner="BuiltIn">
<msg time="2025-02-20T09:16:30.363218" level="INFO">${status} = False</msg>
<var>${status}</var>
<arg>${False}</arg>
<doc>Returns the given values which can then be assigned to a variables.</doc>
<status status="PASS" start="2025-02-20T09:16:30.363218" elapsed="0.000000"/>
</kw>
<kw name="Validate Ref Number" owner="Validations">
<msg time="2025-02-20T09:16:30.363218" level="INFO">${status} = True</msg>
<var>${status}</var>
<arg>${ReferenceNum}</arg>
<status status="PASS" start="2025-02-20T09:16:30.363218" elapsed="0.000000"/>
</kw>
<return>
<value>${status}</value>
<status status="PASS" start="2025-02-20T09:16:30.363218" elapsed="0.000000"/>
</return>
<msg time="2025-02-20T09:16:30.363218" level="INFO">${ReferenceNumCheck} = True</msg>
<var>${ReferenceNumCheck}</var>
<arg>${element[1]}</arg>
<status status="PASS" start="2025-02-20T09:16:30.362217" elapsed="0.002030"/>
</kw>
<if>
<branch type="IF" condition="${ReferenceNumCheck}">
<kw name="Log" owner="BuiltIn">
<msg time="2025-02-20T09:16:30.364247" level="INFO">Viitenumero oikein</msg>
<arg>Viitenumero oikein</arg>
<doc>Logs the given message with the given level.</doc>
<status status="PASS" start="2025-02-20T09:16:30.364247" elapsed="0.000000"/>
</kw>
<status status="PASS" start="2025-02-20T09:16:30.364247" elapsed="0.000000"/>
</branch>
<branch type="ELSE">
<kw name="Set Variable" owner="BuiltIn">
<var>${invoiceStatus}</var>
<arg>1</arg>
<doc>Returns the given values which can then be assigned to a variables.</doc>
<status status="NOT RUN" start="2025-02-20T09:16:30.364911" elapsed="0.000000"/>
</kw>
<kw name="Set Variable" owner="BuiltIn">
<var>${invoiceComment}</var>
<arg>Ref error</arg>
<doc>Returns the given values which can then be assigned to a variables.</doc>
<status status="NOT RUN" start="2025-02-20T09:16:30.364911" elapsed="0.000000"/>
</kw>
<status status="NOT RUN" start="2025-02-20T09:16:30.364247" elapsed="0.000664"/>
</branch>
<status status="PASS" start="2025-02-20T09:16:30.364247" elapsed="0.000664"/>
</if>
<kw name="Check IBAN">
<kw name="Set Variable" owner="BuiltIn">
<msg time="2025-02-20T09:16:30.365942" level="INFO">${status} = False</msg>
<var>${status}</var>
<arg>${False}</arg>
<doc>Returns the given values which can then be assigned to a variables.</doc>
<status status="PASS" start="2025-02-20T09:16:30.365416" elapsed="0.000526"/>
</kw>
<kw name="Validate Iban" owner="Validations">
<msg time="2025-02-20T09:16:30.366467" level="INFO">${status} = False</msg>
<var>${status}</var>
<arg>${IBAN}</arg>
<status status="PASS" start="2025-02-20T09:16:30.365942" elapsed="0.000525"/>
</kw>
<return>
<value>${status}</value>
<status status="PASS" start="2025-02-20T09:16:30.366467" elapsed="0.000000"/>
</return>
<msg time="2025-02-20T09:16:30.366467" level="INFO">${IbanCheck} = False</msg>
<var>${IbanCheck}</var>
<arg>${element[2]}</arg>
<status status="PASS" start="2025-02-20T09:16:30.364911" elapsed="0.002082"/>
</kw>
<if>
<branch type="IF" condition="${IbanCheck}">
<kw name="Log" owner="BuiltIn">
<arg>Iban oikein</arg>
<doc>Logs the given message with the given level.</doc>
<status status="NOT RUN" start="2025-02-20T09:16:30.366993" elapsed="0.000000"/>
</kw>
<status status="NOT RUN" start="2025-02-20T09:16:30.366993" elapsed="0.000000"/>
</branch>
<branch type="ELSE">
<kw name="Set Variable" owner="BuiltIn">
<msg time="2025-02-20T09:16:30.367515" level="INFO">${invoiceStatus} = 2</msg>
<var>${invoiceStatus}</var>
<arg>2</arg>
<doc>Returns the given values which can then be assigned to a variables.</doc>
<status status="PASS" start="2025-02-20T09:16:30.367515" elapsed="0.000000"/>
</kw>
<kw name="Set Variable" owner="BuiltIn">
<msg time="2025-02-20T09:16:30.368109" level="INFO">${invoiceComment} = Iban error</msg>
<var>${invoiceComment}</var>
<arg>Iban error</arg>
<doc>Returns the given values which can then be assigned to a variables.</doc>
<status status="PASS" start="2025-02-20T09:16:30.368109" elapsed="0.000505"/>
</kw>
<status status="PASS" start="2025-02-20T09:16:30.367515" elapsed="0.001099"/>
</branch>
<status status="PASS" start="2025-02-20T09:16:30.366993" elapsed="0.001621"/>
</if>
<kw name="Check Invoice Sum">
<kw name="Set Variable" owner="BuiltIn">
<msg time="2025-02-20T09:16:30.369657" level="INFO">${status} = False</msg>
<var>${status}</var>
<arg>${False}</arg>
<doc>Returns the given values which can then be assigned to a variables.</doc>
<status status="PASS" start="2025-02-20T09:16:30.369657" elapsed="0.000000"/>
</kw>
<kw name="Convert To Number" owner="BuiltIn">
<msg time="2025-02-20T09:16:30.370176" level="INFO">${HeaderTotal} = 1674.0</msg>
<var>${HeaderTotal}</var>
<arg>${HeaderTotal}</arg>
<doc>Converts the given item to a floating point number.</doc>
<status status="PASS" start="2025-02-20T09:16:30.370176" elapsed="0.000000"/>
</kw>
<kw name="Convert To Number" owner="BuiltIn">
<msg time="2025-02-20T09:16:30.370696" level="INFO">${RowTotal} = 1674.0</msg>
<var>${RowTotal}</var>
<arg>${RowTotal}</arg>
<doc>Converts the given item to a floating point number.</doc>
<status status="PASS" start="2025-02-20T09:16:30.370176" elapsed="0.000520"/>
</kw>
<kw name="Convert To Number" owner="BuiltIn">
<msg time="2025-02-20T09:16:30.370696" level="INFO">${DIFF} = 0.01</msg>
<var>${DIFF}</var>
<arg>0.01</arg>
<doc>Converts the given item to a floating point number.</doc>
<status status="PASS" start="2025-02-20T09:16:30.370696" elapsed="0.000518"/>
</kw>
<kw name="Validate Amount" owner="Validations">
<msg time="2025-02-20T09:16:30.371214" level="INFO">${status} = True</msg>
<var>${status}</var>
<arg>${HeaderTotal}</arg>
<arg>${RowTotal}</arg>
<arg>${DIFF}</arg>
<status status="PASS" start="2025-02-20T09:16:30.371214" elapsed="0.000000"/>
</kw>
<return>
<value>${status}</value>
<status status="PASS" start="2025-02-20T09:16:30.371214" elapsed="0.000526"/>
</return>
<msg time="2025-02-20T09:16:30.371740" level="INFO">${TotalCheck} = True</msg>
<var>${TotalCheck}</var>
<arg>${element[3]}</arg>
<arg>${element[4]}</arg>
<status status="PASS" start="2025-02-20T09:16:30.368614" elapsed="0.003126"/>
</kw>
<if>
<branch type="IF" condition="${TotalCheck}">
<kw name="Log" owner="BuiltIn">
<msg time="2025-02-20T09:16:30.372264" level="INFO">Summat oikein</msg>
<arg>Summat oikein</arg>
<doc>Logs the given message with the given level.</doc>
<status status="PASS" start="2025-02-20T09:16:30.371740" elapsed="0.000524"/>
</kw>
<status status="PASS" start="2025-02-20T09:16:30.371740" elapsed="0.000524"/>
</branch>
<branch type="ELSE">
<kw name="Set Variable" owner="BuiltIn">
<var>${invoiceStatus}</var>
<arg>3</arg>
<doc>Returns the given values which can then be assigned to a variables.</doc>
<status status="NOT RUN" start="2025-02-20T09:16:30.372264" elapsed="0.000000"/>
</kw>
<kw name="Set Variable" owner="BuiltIn">
<var>${invoiceComment}</var>
<arg>Amount error</arg>
<doc>Returns the given values which can then be assigned to a variables.</doc>
<status status="NOT RUN" start="2025-02-20T09:16:30.372264" elapsed="0.000000"/>
</kw>
<status status="NOT RUN" start="2025-02-20T09:16:30.372264" elapsed="0.000529"/>
</branch>
<status status="PASS" start="2025-02-20T09:16:30.371740" elapsed="0.001053"/>
</if>
<kw name="Create List" owner="BuiltIn">
<msg time="2025-02-20T09:16:30.372793" level="INFO">@{params} = [ 2 | Iban error | 143143 ]</msg>
<var>@{params}</var>
<arg>${invoiceStatus}</arg>
<arg>${invoiceComment}</arg>
<arg>${element}[0]</arg>
<doc>Returns a list containing given items.</doc>
<status status="PASS" start="2025-02-20T09:16:30.372793" elapsed="0.000000"/>
</kw>
<kw name="Set Variable" owner="BuiltIn">
<msg time="2025-02-20T09:16:30.373310" level="INFO">${updateStmt} = update invoiceheader set invoicestatus_ID = %s, comments = %s where invoicenumber = %s;</msg>
<var>${updateStmt}</var>
<arg>update invoiceheader set invoicestatus_ID = %s, comments = %s where invoicenumber = %s;</arg>
<doc>Returns the given values which can then be assigned to a variables.</doc>
<status status="PASS" start="2025-02-20T09:16:30.373310" elapsed="0.000000"/>
</kw>
<kw name="Execute Sql String" owner="DatabaseLibrary">
<msg time="2025-02-20T09:16:30.373833" level="INFO">Executing : Execute SQL String  |  update invoiceheader set invoicestatus_ID = %s, comments = %s where invoicenumber = %s;</msg>
<arg>${updateStmt}</arg>
<arg>parameters=${params}</arg>
<doc>Executes the ``sqlString`` as a single SQL command.</doc>
<status status="PASS" start="2025-02-20T09:16:30.373310" elapsed="0.003128"/>
</kw>
<var name="${element}">(143143, '1431432', 'FI12 3456 7890 1234 56', Decimal('1674.00'), Decimal('1674.00'))</var>
<status status="PASS" start="2025-02-20T09:16:30.360208" elapsed="0.016828"/>
</iter>
<iter>
<kw name="Log" owner="BuiltIn">
<msg time="2025-02-20T09:16:30.377540" level="INFO">((143143, '1431432', 'FI12 3456 7890 1234 56', Decimal('1674.00'), Decimal('1674.00')), (153143, '1531439', 'FI12 3456 7890 1234 56', Decimal('3348.00'), Decimal('3348.00')), (1543235, '15432359', 'FI05 1234 5600 7891 01', Decimal('576.60'), Decimal('576.60')))</msg>
<arg>${invoices}</arg>
<doc>Logs the given message with the given level.</doc>
<status status="PASS" start="2025-02-20T09:16:30.377540" elapsed="0.000533"/>
</kw>
<kw name="Set Variable" owner="BuiltIn">
<msg time="2025-02-20T09:16:30.378073" level="INFO">${invoiceStatus} = 0</msg>
<var>${invoiceStatus}</var>
<arg>0</arg>
<doc>Returns the given values which can then be assigned to a variables.</doc>
<status status="PASS" start="2025-02-20T09:16:30.378073" elapsed="0.000513"/>
</kw>
<kw name="Set Variable" owner="BuiltIn">
<msg time="2025-02-20T09:16:30.378586" level="INFO">${invoiceComment} = All ok</msg>
<var>${invoiceComment}</var>
<arg>All ok</arg>
<doc>Returns the given values which can then be assigned to a variables.</doc>
<status status="PASS" start="2025-02-20T09:16:30.378586" elapsed="0.000000"/>
</kw>
<kw name="Check Reference Number">
<kw name="Set Variable" owner="BuiltIn">
<msg time="2025-02-20T09:16:30.380160" level="INFO">${status} = False</msg>
<var>${status}</var>
<arg>${False}</arg>
<doc>Returns the given values which can then be assigned to a variables.</doc>
<status status="PASS" start="2025-02-20T09:16:30.379639" elapsed="0.000521"/>
</kw>
<kw name="Validate Ref Number" owner="Validations">
<msg time="2025-02-20T09:16:30.380688" level="INFO">${status} = True</msg>
<var>${status}</var>
<arg>${ReferenceNum}</arg>
<status status="PASS" start="2025-02-20T09:16:30.380160" elapsed="0.000528"/>
</kw>
<return>
<value>${status}</value>
<status status="PASS" start="2025-02-20T09:16:30.380688" elapsed="0.000000"/>
</return>
<msg time="2025-02-20T09:16:30.381217" level="INFO">${ReferenceNumCheck} = True</msg>
<var>${ReferenceNumCheck}</var>
<arg>${element[1]}</arg>
<status status="PASS" start="2025-02-20T09:16:30.379113" elapsed="0.002104"/>
</kw>
<if>
<branch type="IF" condition="${ReferenceNumCheck}">
<kw name="Log" owner="BuiltIn">
<msg time="2025-02-20T09:16:30.381955" level="INFO">Viitenumero oikein</msg>
<arg>Viitenumero oikein</arg>
<doc>Logs the given message with the given level.</doc>
<status status="PASS" start="2025-02-20T09:16:30.381748" elapsed="0.000207"/>
</kw>
<status status="PASS" start="2025-02-20T09:16:30.381217" elapsed="0.000738"/>
</branch>
<branch type="ELSE">
<kw name="Set Variable" owner="BuiltIn">
<var>${invoiceStatus}</var>
<arg>1</arg>
<doc>Returns the given values which can then be assigned to a variables.</doc>
<status status="NOT RUN" start="2025-02-20T09:16:30.382461" elapsed="0.000000"/>
</kw>
<kw name="Set Variable" owner="BuiltIn">
<var>${invoiceComment}</var>
<arg>Ref error</arg>
<doc>Returns the given values which can then be assigned to a variables.</doc>
<status status="NOT RUN" start="2025-02-20T09:16:30.382461" elapsed="0.000000"/>
</kw>
<status status="NOT RUN" start="2025-02-20T09:16:30.381955" elapsed="0.000506"/>
</branch>
<status status="PASS" start="2025-02-20T09:16:30.381217" elapsed="0.001244"/>
</if>
<kw name="Check IBAN">
<kw name="Set Variable" owner="BuiltIn">
<msg time="2025-02-20T09:16:30.384170" level="INFO">${status} = False</msg>
<var>${status}</var>
<arg>${False}</arg>
<doc>Returns the given values which can then be assigned to a variables.</doc>
<status status="PASS" start="2025-02-20T09:16:30.384170" elapsed="0.000000"/>
</kw>
<kw name="Validate Iban" owner="Validations">
<msg time="2025-02-20T09:16:30.384702" level="INFO">${status} = False</msg>
<var>${status}</var>
<arg>${IBAN}</arg>
<status status="PASS" start="2025-02-20T09:16:30.384702" elapsed="0.001585"/>
</kw>
<return>
<value>${status}</value>
<status status="PASS" start="2025-02-20T09:16:30.386287" elapsed="0.000000"/>
</return>
<msg time="2025-02-20T09:16:30.386816" level="INFO">${IbanCheck} = False</msg>
<var>${IbanCheck}</var>
<arg>${element[2]}</arg>
<status status="PASS" start="2025-02-20T09:16:30.382461" elapsed="0.004355"/>
</kw>
<if>
<branch type="IF" condition="${IbanCheck}">
<kw name="Log" owner="BuiltIn">
<arg>Iban oikein</arg>
<doc>Logs the given message with the given level.</doc>
<status status="NOT RUN" start="2025-02-20T09:16:30.387347" elapsed="0.000000"/>
</kw>
<status status="NOT RUN" start="2025-02-20T09:16:30.386816" elapsed="0.000531"/>
</branch>
<branch type="ELSE">
<kw name="Set Variable" owner="BuiltIn">
<msg time="2025-02-20T09:16:30.387874" level="INFO">${invoiceStatus} = 2</msg>
<var>${invoiceStatus}</var>
<arg>2</arg>
<doc>Returns the given values which can then be assigned to a variables.</doc>
<status status="PASS" start="2025-02-20T09:16:30.387347" elapsed="0.000527"/>
</kw>
<kw name="Set Variable" owner="BuiltIn">
<msg time="2025-02-20T09:16:30.388390" level="INFO">${invoiceComment} = Iban error</msg>
<var>${invoiceComment}</var>
<arg>Iban error</arg>
<doc>Returns the given values which can then be assigned to a variables.</doc>
<status status="PASS" start="2025-02-20T09:16:30.387874" elapsed="0.000516"/>
</kw>
<status status="PASS" start="2025-02-20T09:16:30.387347" elapsed="0.001043"/>
</branch>
<status status="PASS" start="2025-02-20T09:16:30.386816" elapsed="0.001574"/>
</if>
<kw name="Check Invoice Sum">
<kw name="Set Variable" owner="BuiltIn">
<msg time="2025-02-20T09:16:30.389671" level="INFO">${status} = False</msg>
<var>${status}</var>
<arg>${False}</arg>
<doc>Returns the given values which can then be assigned to a variables.</doc>
<status status="PASS" start="2025-02-20T09:16:30.389671" elapsed="0.000000"/>
</kw>
<kw name="Convert To Number" owner="BuiltIn">
<msg time="2025-02-20T09:16:30.390194" level="INFO">${HeaderTotal} = 3348.0</msg>
<var>${HeaderTotal}</var>
<arg>${HeaderTotal}</arg>
<doc>Converts the given item to a floating point number.</doc>
<status status="PASS" start="2025-02-20T09:16:30.390194" elapsed="0.000000"/>
</kw>
<kw name="Convert To Number" owner="BuiltIn">
<msg time="2025-02-20T09:16:30.390708" level="INFO">${RowTotal} = 3348.0</msg>
<var>${RowTotal}</var>
<arg>${RowTotal}</arg>
<doc>Converts the given item to a floating point number.</doc>
<status status="PASS" start="2025-02-20T09:16:30.390194" elapsed="0.000514"/>
</kw>
<kw name="Convert To Number" owner="BuiltIn">
<msg time="2025-02-20T09:16:30.390708" level="INFO">${DIFF} = 0.01</msg>
<var>${DIFF}</var>
<arg>0.01</arg>
<doc>Converts the given item to a floating point number.</doc>
<status status="PASS" start="2025-02-20T09:16:30.390708" elapsed="0.000000"/>
</kw>
<kw name="Validate Amount" owner="Validations">
<msg time="2025-02-20T09:16:30.391235" level="INFO">${status} = True</msg>
<var>${status}</var>
<arg>${HeaderTotal}</arg>
<arg>${RowTotal}</arg>
<arg>${DIFF}</arg>
<status status="PASS" start="2025-02-20T09:16:30.390708" elapsed="0.000527"/>
</kw>
<return>
<value>${status}</value>
<status status="PASS" start="2025-02-20T09:16:30.391235" elapsed="0.000000"/>
</return>
<msg time="2025-02-20T09:16:30.391235" level="INFO">${TotalCheck} = True</msg>
<var>${TotalCheck}</var>
<arg>${element[3]}</arg>
<arg>${element[4]}</arg>
<status status="PASS" start="2025-02-20T09:16:30.388390" elapsed="0.002845"/>
</kw>
<if>
<branch type="IF" condition="${TotalCheck}">
<kw name="Log" owner="BuiltIn">
<msg time="2025-02-20T09:16:30.391766" level="INFO">Summat oikein</msg>
<arg>Summat oikein</arg>
<doc>Logs the given message with the given level.</doc>
<status status="PASS" start="2025-02-20T09:16:30.391766" elapsed="0.000000"/>
</kw>
<status status="PASS" start="2025-02-20T09:16:30.391766" elapsed="0.000000"/>
</branch>
<branch type="ELSE">
<kw name="Set Variable" owner="BuiltIn">
<var>${invoiceStatus}</var>
<arg>3</arg>
<doc>Returns the given values which can then be assigned to a variables.</doc>
<status status="NOT RUN" start="2025-02-20T09:16:30.392291" elapsed="0.000000"/>
</kw>
<kw name="Set Variable" owner="BuiltIn">
<var>${invoiceComment}</var>
<arg>Amount error</arg>
<doc>Returns the given values which can then be assigned to a variables.</doc>
<status status="NOT RUN" start="2025-02-20T09:16:30.392291" elapsed="0.000000"/>
</kw>
<status status="NOT RUN" start="2025-02-20T09:16:30.391766" elapsed="0.000525"/>
</branch>
<status status="PASS" start="2025-02-20T09:16:30.391766" elapsed="0.000525"/>
</if>
<kw name="Create List" owner="BuiltIn">
<msg time="2025-02-20T09:16:30.392820" level="INFO">@{params} = [ 2 | Iban error | 153143 ]</msg>
<var>@{params}</var>
<arg>${invoiceStatus}</arg>
<arg>${invoiceComment}</arg>
<arg>${element}[0]</arg>
<doc>Returns a list containing given items.</doc>
<status status="PASS" start="2025-02-20T09:16:30.392291" elapsed="0.000529"/>
</kw>
<kw name="Set Variable" owner="BuiltIn">
<msg time="2025-02-20T09:16:30.393346" level="INFO">${updateStmt} = update invoiceheader set invoicestatus_ID = %s, comments = %s where invoicenumber = %s;</msg>
<var>${updateStmt}</var>
<arg>update invoiceheader set invoicestatus_ID = %s, comments = %s where invoicenumber = %s;</arg>
<doc>Returns the given values which can then be assigned to a variables.</doc>
<status status="PASS" start="2025-02-20T09:16:30.393346" elapsed="0.000000"/>
</kw>
<kw name="Execute Sql String" owner="DatabaseLibrary">
<msg time="2025-02-20T09:16:30.393870" level="INFO">Executing : Execute SQL String  |  update invoiceheader set invoicestatus_ID = %s, comments = %s where invoicenumber = %s;</msg>
<arg>${updateStmt}</arg>
<arg>parameters=${params}</arg>
<doc>Executes the ``sqlString`` as a single SQL command.</doc>
<status status="PASS" start="2025-02-20T09:16:30.393346" elapsed="0.003162"/>
</kw>
<var name="${element}">(153143, '1531439', 'FI12 3456 7890 1234 56', Decimal('3348.00'), Decimal('3348.00'))</var>
<status status="PASS" start="2025-02-20T09:16:30.377036" elapsed="0.019993"/>
</iter>
<iter>
<kw name="Log" owner="BuiltIn">
<msg time="2025-02-20T09:16:30.397546" level="INFO">((143143, '1431432', 'FI12 3456 7890 1234 56', Decimal('1674.00'), Decimal('1674.00')), (153143, '1531439', 'FI12 3456 7890 1234 56', Decimal('3348.00'), Decimal('3348.00')), (1543235, '15432359', 'FI05 1234 5600 7891 01', Decimal('576.60'), Decimal('576.60')))</msg>
<arg>${invoices}</arg>
<doc>Logs the given message with the given level.</doc>
<status status="PASS" start="2025-02-20T09:16:30.397546" elapsed="0.000523"/>
</kw>
<kw name="Set Variable" owner="BuiltIn">
<msg time="2025-02-20T09:16:30.398593" level="INFO">${invoiceStatus} = 0</msg>
<var>${invoiceStatus}</var>
<arg>0</arg>
<doc>Returns the given values which can then be assigned to a variables.</doc>
<status status="PASS" start="2025-02-20T09:16:30.398069" elapsed="0.000524"/>
</kw>
<kw name="Set Variable" owner="BuiltIn">
<msg time="2025-02-20T09:16:30.398593" level="INFO">${invoiceComment} = All ok</msg>
<var>${invoiceComment}</var>
<arg>All ok</arg>
<doc>Returns the given values which can then be assigned to a variables.</doc>
<status status="PASS" start="2025-02-20T09:16:30.398593" elapsed="0.000000"/>
</kw>
<kw name="Check Reference Number">
<kw name="Set Variable" owner="BuiltIn">
<msg time="2025-02-20T09:16:30.400603" level="INFO">${status} = False</msg>
<var>${status}</var>
<arg>${False}</arg>
<doc>Returns the given values which can then be assigned to a variables.</doc>
<status status="PASS" start="2025-02-20T09:16:30.400603" elapsed="0.000000"/>
</kw>
<kw name="Validate Ref Number" owner="Validations">
<msg time="2025-02-20T09:16:30.401604" level="INFO">${status} = True</msg>
<var>${status}</var>
<arg>${ReferenceNum}</arg>
<status status="PASS" start="2025-02-20T09:16:30.400603" elapsed="0.001001"/>
</kw>
<return>
<value>${status}</value>
<status status="PASS" start="2025-02-20T09:16:30.401604" elapsed="0.000000"/>
</return>
<msg time="2025-02-20T09:16:30.401604" level="INFO">${ReferenceNumCheck} = True</msg>
<var>${ReferenceNumCheck}</var>
<arg>${element[1]}</arg>
<status status="PASS" start="2025-02-20T09:16:30.399603" elapsed="0.003001"/>
</kw>
<if>
<branch type="IF" condition="${ReferenceNumCheck}">
<kw name="Log" owner="BuiltIn">
<msg time="2025-02-20T09:16:30.402604" level="INFO">Viitenumero oikein</msg>
<arg>Viitenumero oikein</arg>
<doc>Logs the given message with the given level.</doc>
<status status="PASS" start="2025-02-20T09:16:30.402604" elapsed="0.000000"/>
</kw>
<status status="PASS" start="2025-02-20T09:16:30.402604" elapsed="0.000000"/>
</branch>
<branch type="ELSE">
<kw name="Set Variable" owner="BuiltIn">
<var>${invoiceStatus}</var>
<arg>1</arg>
<doc>Returns the given values which can then be assigned to a variables.</doc>
<status status="NOT RUN" start="2025-02-20T09:16:30.403603" elapsed="0.000000"/>
</kw>
<kw name="Set Variable" owner="BuiltIn">
<var>${invoiceComment}</var>
<arg>Ref error</arg>
<doc>Returns the given values which can then be assigned to a variables.</doc>
<status status="NOT RUN" start="2025-02-20T09:16:30.403603" elapsed="0.000000"/>
</kw>
<status status="NOT RUN" start="2025-02-20T09:16:30.403603" elapsed="0.000000"/>
</branch>
<status status="PASS" start="2025-02-20T09:16:30.402604" elapsed="0.000999"/>
</if>
<kw name="Check IBAN">
<kw name="Set Variable" owner="BuiltIn">
<msg time="2025-02-20T09:16:30.405602" level="INFO">${status} = False</msg>
<var>${status}</var>
<arg>${False}</arg>
<doc>Returns the given values which can then be assigned to a variables.</doc>
<status status="PASS" start="2025-02-20T09:16:30.405602" elapsed="0.000000"/>
</kw>
<kw name="Validate Iban" owner="Validations">
<msg time="2025-02-20T09:16:30.406602" level="INFO">${status} = True</msg>
<var>${status}</var>
<arg>${IBAN}</arg>
<status status="PASS" start="2025-02-20T09:16:30.405602" elapsed="0.001000"/>
</kw>
<return>
<value>${status}</value>
<status status="PASS" start="2025-02-20T09:16:30.406602" elapsed="0.000000"/>
</return>
<msg time="2025-02-20T09:16:30.406602" level="INFO">${IbanCheck} = True</msg>
<var>${IbanCheck}</var>
<arg>${element[2]}</arg>
<status status="PASS" start="2025-02-20T09:16:30.404602" elapsed="0.002000"/>
</kw>
<if>
<branch type="IF" condition="${IbanCheck}">
<kw name="Log" owner="BuiltIn">
<msg time="2025-02-20T09:16:30.407600" level="INFO">Iban oikein</msg>
<arg>Iban oikein</arg>
<doc>Logs the given message with the given level.</doc>
<status status="PASS" start="2025-02-20T09:16:30.407600" elapsed="0.000000"/>
</kw>
<status status="PASS" start="2025-02-20T09:16:30.407600" elapsed="0.000000"/>
</branch>
<branch type="ELSE">
<kw name="Set Variable" owner="BuiltIn">
<var>${invoiceStatus}</var>
<arg>2</arg>
<doc>Returns the given values which can then be assigned to a variables.</doc>
<status status="NOT RUN" start="2025-02-20T09:16:30.408762" elapsed="0.000000"/>
</kw>
<kw name="Set Variable" owner="BuiltIn">
<var>${invoiceComment}</var>
<arg>Iban error</arg>
<doc>Returns the given values which can then be assigned to a variables.</doc>
<status status="NOT RUN" start="2025-02-20T09:16:30.408762" elapsed="0.000000"/>
</kw>
<status status="NOT RUN" start="2025-02-20T09:16:30.407600" elapsed="0.001162"/>
</branch>
<status status="PASS" start="2025-02-20T09:16:30.407600" elapsed="0.001670"/>
</if>
<kw name="Check Invoice Sum">
<kw name="Set Variable" owner="BuiltIn">
<msg time="2025-02-20T09:16:30.410970" level="INFO">${status} = False</msg>
<var>${status}</var>
<arg>${False}</arg>
<doc>Returns the given values which can then be assigned to a variables.</doc>
<status status="PASS" start="2025-02-20T09:16:30.410433" elapsed="0.000537"/>
</kw>
<kw name="Convert To Number" owner="BuiltIn">
<msg time="2025-02-20T09:16:30.410970" level="INFO">${HeaderTotal} = 576.6</msg>
<var>${HeaderTotal}</var>
<arg>${HeaderTotal}</arg>
<doc>Converts the given item to a floating point number.</doc>
<status status="PASS" start="2025-02-20T09:16:30.410970" elapsed="0.001011"/>
</kw>
<kw name="Convert To Number" owner="BuiltIn">
<msg time="2025-02-20T09:16:30.411981" level="INFO">${RowTotal} = 576.6</msg>
<var>${RowTotal}</var>
<arg>${RowTotal}</arg>
<doc>Converts the given item to a floating point number.</doc>
<status status="PASS" start="2025-02-20T09:16:30.411981" elapsed="0.000000"/>
</kw>
<kw name="Convert To Number" owner="BuiltIn">
<msg time="2025-02-20T09:16:30.412979" level="INFO">${DIFF} = 0.01</msg>
<var>${DIFF}</var>
<arg>0.01</arg>
<doc>Converts the given item to a floating point number.</doc>
<status status="PASS" start="2025-02-20T09:16:30.411981" elapsed="0.000998"/>
</kw>
<kw name="Validate Amount" owner="Validations">
<msg time="2025-02-20T09:16:30.412979" level="INFO">${status} = True</msg>
<var>${status}</var>
<arg>${HeaderTotal}</arg>
<arg>${RowTotal}</arg>
<arg>${DIFF}</arg>
<status status="PASS" start="2025-02-20T09:16:30.412979" elapsed="0.001000"/>
</kw>
<return>
<value>${status}</value>
<status status="PASS" start="2025-02-20T09:16:30.413979" elapsed="0.000000"/>
</return>
<msg time="2025-02-20T09:16:30.413979" level="INFO">${TotalCheck} = True</msg>
<var>${TotalCheck}</var>
<arg>${element[3]}</arg>
<arg>${element[4]}</arg>
<status status="PASS" start="2025-02-20T09:16:30.409331" elapsed="0.004648"/>
</kw>
<if>
<branch type="IF" condition="${TotalCheck}">
<kw name="Log" owner="BuiltIn">
<msg time="2025-02-20T09:16:30.414981" level="INFO">Summat oikein</msg>
<arg>Summat oikein</arg>
<doc>Logs the given message with the given level.</doc>
<status status="PASS" start="2025-02-20T09:16:30.414981" elapsed="0.000000"/>
</kw>
<status status="PASS" start="2025-02-20T09:16:30.413979" elapsed="0.001002"/>
</branch>
<branch type="ELSE">
<kw name="Set Variable" owner="BuiltIn">
<var>${invoiceStatus}</var>
<arg>3</arg>
<doc>Returns the given values which can then be assigned to a variables.</doc>
<status status="NOT RUN" start="2025-02-20T09:16:30.414981" elapsed="0.001000"/>
</kw>
<kw name="Set Variable" owner="BuiltIn">
<var>${invoiceComment}</var>
<arg>Amount error</arg>
<doc>Returns the given values which can then be assigned to a variables.</doc>
<status status="NOT RUN" start="2025-02-20T09:16:30.415981" elapsed="0.000000"/>
</kw>
<status status="NOT RUN" start="2025-02-20T09:16:30.414981" elapsed="0.001000"/>
</branch>
<status status="PASS" start="2025-02-20T09:16:30.413979" elapsed="0.002002"/>
</if>
<kw name="Create List" owner="BuiltIn">
<msg time="2025-02-20T09:16:30.415981" level="INFO">@{params} = [ 0 | All ok | 1543235 ]</msg>
<var>@{params}</var>
<arg>${invoiceStatus}</arg>
<arg>${invoiceComment}</arg>
<arg>${element}[0]</arg>
<doc>Returns a list containing given items.</doc>
<status status="PASS" start="2025-02-20T09:16:30.415981" elapsed="0.000000"/>
</kw>
<kw name="Set Variable" owner="BuiltIn">
<msg time="2025-02-20T09:16:30.416981" level="INFO">${updateStmt} = update invoiceheader set invoicestatus_ID = %s, comments = %s where invoicenumber = %s;</msg>
<var>${updateStmt}</var>
<arg>update invoiceheader set invoicestatus_ID = %s, comments = %s where invoicenumber = %s;</arg>
<doc>Returns the given values which can then be assigned to a variables.</doc>
<status status="PASS" start="2025-02-20T09:16:30.416981" elapsed="0.000000"/>
</kw>
<kw name="Execute Sql String" owner="DatabaseLibrary">
<msg time="2025-02-20T09:16:30.416981" level="INFO">Executing : Execute SQL String  |  update invoiceheader set invoicestatus_ID = %s, comments = %s where invoicenumber = %s;</msg>
<arg>${updateStmt}</arg>
<arg>parameters=${params}</arg>
<doc>Executes the ``sqlString`` as a single SQL command.</doc>
<status status="PASS" start="2025-02-20T09:16:30.416981" elapsed="0.005435"/>
</kw>
<var name="${element}">(1543235, '15432359', 'FI05 1234 5600 7891 01', Decimal('576.60'), Decimal('576.60'))</var>
<status status="PASS" start="2025-02-20T09:16:30.397029" elapsed="0.025894"/>
</iter>
<var>${element}</var>
<value>@{invoices}</value>
<status status="PASS" start="2025-02-20T09:16:30.360208" elapsed="0.062715"/>
</for>
<kw name="Disconnect From Database" owner="DatabaseLibrary">
<msg time="2025-02-20T09:16:30.423457" level="INFO">Executing : Disconnect From Database</msg>
<doc>Disconnects from the database.</doc>
<status status="PASS" start="2025-02-20T09:16:30.423457" elapsed="0.000529"/>
</kw>
<status status="PASS" start="2025-02-20T09:16:30.350698" elapsed="0.073816"/>
</test>
<status status="PASS" start="2025-02-20T09:16:30.011038" elapsed="0.414568"/>
</suite>
<statistics>
<total>
<stat pass="2" fail="0" skip="0">All Tasks</stat>
</total>
<tag>
</tag>
<suite>
<stat pass="2" fail="0" skip="0" id="s1" name="Project">Project</stat>
</suite>
</statistics>
<errors>
<msg time="2025-02-20T09:16:30.220172" level="WARN">Overwriting not closed connection.</msg>
</errors>
</robot>
