<?xml version="1.0" encoding="UTF-8"?>
<robot generator="Robot 7.1 (Python 3.12.0 on win32)" generated="2025-02-15T15:27:56.054053" rpa="true" schemaversion="5">
<suite id="s1" name="Project" source="c:\Users\teemu\OneDrive\Työpöytä\vuosi2\Moduuli_3\Ohjelmistorobotiikka ja automaatio\ProjektiAutomaatio\Ohjelmistorobotiikka\project.robot">
<test id="s1-t1" name="Validate and update validation info to DB" line="119">
<kw name="Make Connection">
<kw name="Connect To Database" owner="DatabaseLibrary">
<msg time="2025-02-15T15:27:56.283600" level="INFO">Connecting using : pymysql.connect(db=rpa_kurssi, user=Robotuser, passwd=***, host=localhost, port=3306, charset=None)</msg>
<arg>pymysql</arg>
<arg>${DBtoConnect}</arg>
<arg>${dbuser}</arg>
<arg>${dbpass}</arg>
<arg>${dbhost}</arg>
<arg>${dbport}</arg>
<doc>Loads the DB API 2.0 module given ``dbapiModuleName`` then uses it to
connect to the database using provided parameters such as ``dbName``, ``dbUsername``, and ``dbPassword``.</doc>
<status status="PASS" start="2025-02-15T15:27:56.176354" elapsed="0.133500"/>
</kw>
<arg>${dbname}</arg>
<status status="PASS" start="2025-02-15T15:27:56.176354" elapsed="0.134029"/>
</kw>
<kw name="Query" owner="DatabaseLibrary">
<msg time="2025-02-15T15:27:56.311671" level="INFO">Executing : Query  |  select InvoiceNumber, ReferenceNumber, BankAccountNumber, TotalAmount from invoiceheader where invoicestatus_ID = -1; </msg>
<msg time="2025-02-15T15:27:56.317351" level="INFO">${invoices} = ((143143, '1431432', 'FI12 3456 7890 1234 56', Decimal('1674.00')), (153143, '1531439', 'FI12 3456 7890 1234 56', Decimal('3348.00')), (1543235, '15432359', 'FI05 1234 5600 7891 01', Decimal('576.60')...</msg>
<var>${invoices}</var>
<arg>select InvoiceNumber, ReferenceNumber, BankAccountNumber, TotalAmount from invoiceheader where invoicestatus_ID = -1;</arg>
<doc>Runs a query with the ``selectStatement`` and returns the result as a list of rows.
The type of row values depends on the database module -
usually they are tuples or tuple-like objects.</doc>
<status status="PASS" start="2025-02-15T15:27:56.311671" elapsed="0.005680"/>
</kw>
<for flavor="IN">
<iter>
<kw name="Log" owner="BuiltIn">
<msg time="2025-02-15T15:27:56.318743" level="INFO">(143143, '1431432', 'FI12 3456 7890 1234 56', Decimal('1674.00'))</msg>
<arg>${element}</arg>
<doc>Logs the given message with the given level.</doc>
<status status="PASS" start="2025-02-15T15:27:56.318743" elapsed="0.000000"/>
</kw>
<kw name="Set Variable" owner="BuiltIn">
<msg time="2025-02-15T15:27:56.320754" level="INFO">${invoiceStatus} = 0</msg>
<var>${invoiceStatus}</var>
<arg>0</arg>
<doc>Returns the given values which can then be assigned to a variables.</doc>
<status status="PASS" start="2025-02-15T15:27:56.318743" elapsed="0.002011"/>
</kw>
<kw name="Set Variable" owner="BuiltIn">
<msg time="2025-02-15T15:27:56.320754" level="INFO">${invoiceComment} = All ok</msg>
<var>${invoiceComment}</var>
<arg>All ok</arg>
<doc>Returns the given values which can then be assigned to a variables.</doc>
<status status="PASS" start="2025-02-15T15:27:56.320754" elapsed="0.000000"/>
</kw>
<kw name="Create List" owner="BuiltIn">
<msg time="2025-02-15T15:27:56.323225" level="INFO">@{params} = [ 0 | All ok | 143143 ]</msg>
<var>@{params}</var>
<arg>${invoiceStatus}</arg>
<arg>${invoiceComment}</arg>
<arg>${element}[0]</arg>
<doc>Returns a list containing given items.</doc>
<status status="PASS" start="2025-02-15T15:27:56.322612" elapsed="0.001723"/>
</kw>
<kw name="Set Variable" owner="BuiltIn">
<msg time="2025-02-15T15:27:56.324335" level="INFO">${updateStmt} = update invoiceheader set invoicestatus_ID = %s, comments = %s where invoicenumber = %s;</msg>
<var>${updateStmt}</var>
<arg>update invoiceheader set invoicestatus_ID = %s, comments = %s where invoicenumber = %s;</arg>
<doc>Returns the given values which can then be assigned to a variables.</doc>
<status status="PASS" start="2025-02-15T15:27:56.324335" elapsed="0.000000"/>
</kw>
<kw name="Execute Sql String" owner="DatabaseLibrary">
<msg time="2025-02-15T15:27:56.326463" level="INFO">Executing : Execute SQL String  |  update invoiceheader set invoicestatus_ID = %s, comments = %s where invoicenumber = %s;</msg>
<arg>${updateStmt}</arg>
<arg>parameters=${params}</arg>
<doc>Executes the ``sqlString`` as a single SQL command.</doc>
<status status="PASS" start="2025-02-15T15:27:56.324335" elapsed="0.008906"/>
</kw>
<var name="${element}">(143143, '1431432', 'FI12 3456 7890 1234 56', Decimal('1674.00'))</var>
<status status="PASS" start="2025-02-15T15:27:56.318743" elapsed="0.015599"/>
</iter>
<iter>
<kw name="Log" owner="BuiltIn">
<msg time="2025-02-15T15:27:56.335969" level="INFO">(153143, '1531439', 'FI12 3456 7890 1234 56', Decimal('3348.00'))</msg>
<arg>${element}</arg>
<doc>Logs the given message with the given level.</doc>
<status status="PASS" start="2025-02-15T15:27:56.335449" elapsed="0.000520"/>
</kw>
<kw name="Set Variable" owner="BuiltIn">
<msg time="2025-02-15T15:27:56.337534" level="INFO">${invoiceStatus} = 0</msg>
<var>${invoiceStatus}</var>
<arg>0</arg>
<doc>Returns the given values which can then be assigned to a variables.</doc>
<status status="PASS" start="2025-02-15T15:27:56.335969" elapsed="0.001565"/>
</kw>
<kw name="Set Variable" owner="BuiltIn">
<msg time="2025-02-15T15:27:56.338546" level="INFO">${invoiceComment} = All ok</msg>
<var>${invoiceComment}</var>
<arg>All ok</arg>
<doc>Returns the given values which can then be assigned to a variables.</doc>
<status status="PASS" start="2025-02-15T15:27:56.338546" elapsed="0.001090"/>
</kw>
<kw name="Create List" owner="BuiltIn">
<msg time="2025-02-15T15:27:56.340484" level="INFO">@{params} = [ 0 | All ok | 153143 ]</msg>
<var>@{params}</var>
<arg>${invoiceStatus}</arg>
<arg>${invoiceComment}</arg>
<arg>${element}[0]</arg>
<doc>Returns a list containing given items.</doc>
<status status="PASS" start="2025-02-15T15:27:56.339947" elapsed="0.001259"/>
</kw>
<kw name="Set Variable" owner="BuiltIn">
<msg time="2025-02-15T15:27:56.341206" level="INFO">${updateStmt} = update invoiceheader set invoicestatus_ID = %s, comments = %s where invoicenumber = %s;</msg>
<var>${updateStmt}</var>
<arg>update invoiceheader set invoicestatus_ID = %s, comments = %s where invoicenumber = %s;</arg>
<doc>Returns the given values which can then be assigned to a variables.</doc>
<status status="PASS" start="2025-02-15T15:27:56.341206" elapsed="0.000000"/>
</kw>
<kw name="Execute Sql String" owner="DatabaseLibrary">
<msg time="2025-02-15T15:27:56.343216" level="INFO">Executing : Execute SQL String  |  update invoiceheader set invoicestatus_ID = %s, comments = %s where invoicenumber = %s;</msg>
<arg>${updateStmt}</arg>
<arg>parameters=${params}</arg>
<doc>Executes the ``sqlString`` as a single SQL command.</doc>
<status status="PASS" start="2025-02-15T15:27:56.343216" elapsed="0.004880"/>
</kw>
<var name="${element}">(153143, '1531439', 'FI12 3456 7890 1234 56', Decimal('3348.00'))</var>
<status status="PASS" start="2025-02-15T15:27:56.334878" elapsed="0.013998"/>
</iter>
<iter>
<kw name="Log" owner="BuiltIn">
<msg time="2025-02-15T15:27:56.348876" level="INFO">(1543235, '15432359', 'FI05 1234 5600 7891 01', Decimal('576.60'))</msg>
<arg>${element}</arg>
<doc>Logs the given message with the given level.</doc>
<status status="PASS" start="2025-02-15T15:27:56.348876" elapsed="0.000000"/>
</kw>
<kw name="Set Variable" owner="BuiltIn">
<msg time="2025-02-15T15:27:56.350889" level="INFO">${invoiceStatus} = 0</msg>
<var>${invoiceStatus}</var>
<arg>0</arg>
<doc>Returns the given values which can then be assigned to a variables.</doc>
<status status="PASS" start="2025-02-15T15:27:56.350889" elapsed="0.000000"/>
</kw>
<kw name="Set Variable" owner="BuiltIn">
<msg time="2025-02-15T15:27:56.350889" level="INFO">${invoiceComment} = All ok</msg>
<var>${invoiceComment}</var>
<arg>All ok</arg>
<doc>Returns the given values which can then be assigned to a variables.</doc>
<status status="PASS" start="2025-02-15T15:27:56.350889" elapsed="0.002014"/>
</kw>
<kw name="Create List" owner="BuiltIn">
<msg time="2025-02-15T15:27:56.352903" level="INFO">@{params} = [ 0 | All ok | 1543235 ]</msg>
<var>@{params}</var>
<arg>${invoiceStatus}</arg>
<arg>${invoiceComment}</arg>
<arg>${element}[0]</arg>
<doc>Returns a list containing given items.</doc>
<status status="PASS" start="2025-02-15T15:27:56.352903" elapsed="0.000000"/>
</kw>
<kw name="Set Variable" owner="BuiltIn">
<msg time="2025-02-15T15:27:56.355896" level="INFO">${updateStmt} = update invoiceheader set invoicestatus_ID = %s, comments = %s where invoicenumber = %s;</msg>
<var>${updateStmt}</var>
<arg>update invoiceheader set invoicestatus_ID = %s, comments = %s where invoicenumber = %s;</arg>
<doc>Returns the given values which can then be assigned to a variables.</doc>
<status status="PASS" start="2025-02-15T15:27:56.355314" elapsed="0.000582"/>
</kw>
<kw name="Execute Sql String" owner="DatabaseLibrary">
<msg time="2025-02-15T15:27:56.356585" level="INFO">Executing : Execute SQL String  |  update invoiceheader set invoicestatus_ID = %s, comments = %s where invoicenumber = %s;</msg>
<arg>${updateStmt}</arg>
<arg>parameters=${params}</arg>
<doc>Executes the ``sqlString`` as a single SQL command.</doc>
<status status="PASS" start="2025-02-15T15:27:56.356585" elapsed="0.006083"/>
</kw>
<var name="${element}">(1543235, '15432359', 'FI05 1234 5600 7891 01', Decimal('576.60'))</var>
<status status="PASS" start="2025-02-15T15:27:56.348876" elapsed="0.013792"/>
</iter>
<var>${element}</var>
<value>@{invoices}</value>
<status status="PASS" start="2025-02-15T15:27:56.317351" elapsed="0.047367"/>
</for>
<kw name="Disconnect From Database" owner="DatabaseLibrary">
<msg time="2025-02-15T15:27:56.366733" level="INFO">Executing : Disconnect From Database</msg>
<doc>Disconnects from the database.</doc>
<status status="PASS" start="2025-02-15T15:27:56.366733" elapsed="0.000000"/>
</kw>
<status status="PASS" start="2025-02-15T15:27:56.176354" elapsed="0.193030"/>
</test>
<status status="PASS" start="2025-02-15T15:27:56.067508" elapsed="0.304400"/>
</suite>
<statistics>
<total>
<stat pass="1" fail="0" skip="0">All Tasks</stat>
</total>
<tag>
</tag>
<suite>
<stat pass="1" fail="0" skip="0" id="s1" name="Project">Project</stat>
</suite>
</statistics>
<errors>
</errors>
</robot>
